Using pre-set license
Built from '2021.3/staging' branch; Version is '2021.3.4f1 (cb45f9cae8b7) revision 13321721'; Using compiler version '192829333'; Build Type 'Release'
OS: 'Windows 10  (10.0.19045) 64bit Professional' Language: 'de' Physical Memory: 8109 MB
BatchMode: 1, IsHumanControllingUs: 0, StartBugReporterOnCrash: 0, Is64bit: 1, IsPro: 1

COMMAND LINE ARGUMENTS:
C:\Program Files\Unity\Hub\Editor\2021.3.4f1\Editor\Unity.exe
-adb2
-batchMode
-noUpm
-name
AssetImportWorker12
-projectPath
C:/Users/Sofia/OneDrive/Desktop/Dart/ARD/Project
-logFile
Logs/AssetImportWorker12.log
-srvPort
54690
Successfully changed project path to: C:/Users/Sofia/OneDrive/Desktop/Dart/ARD/Project
C:/Users/Sofia/OneDrive/Desktop/Dart/ARD/Project
[UnityMemory] Configuration Parameters - Can be set up in boot.config
    "memorysetup-bucket-allocator-granularity=16"
    "memorysetup-bucket-allocator-bucket-count=8"
    "memorysetup-bucket-allocator-block-size=33554432"
    "memorysetup-bucket-allocator-block-count=8"
    "memorysetup-main-allocator-block-size=16777216"
    "memorysetup-thread-allocator-block-size=16777216"
    "memorysetup-gfx-main-allocator-block-size=16777216"
    "memorysetup-gfx-thread-allocator-block-size=16777216"
    "memorysetup-cache-allocator-block-size=4194304"
    "memorysetup-typetree-allocator-block-size=2097152"
    "memorysetup-profiler-bucket-allocator-granularity=16"
    "memorysetup-profiler-bucket-allocator-bucket-count=8"
    "memorysetup-profiler-bucket-allocator-block-size=33554432"
    "memorysetup-profiler-bucket-allocator-block-count=8"
    "memorysetup-profiler-allocator-block-size=16777216"
    "memorysetup-profiler-editor-allocator-block-size=1048576"
    "memorysetup-temp-allocator-size-main=16777216"
    "memorysetup-job-temp-allocator-block-size=2097152"
    "memorysetup-job-temp-allocator-block-size-background=1048576"
    "memorysetup-job-temp-allocator-reduction-small-platforms=262144"
    "memorysetup-temp-allocator-size-background-worker=32768"
    "memorysetup-temp-allocator-size-job-worker=262144"
    "memorysetup-temp-allocator-size-preload-manager=33554432"
    "memorysetup-temp-allocator-size-nav-mesh-worker=65536"
    "memorysetup-temp-allocator-size-audio-worker=65536"
    "memorysetup-temp-allocator-size-cloud-worker=32768"
    "memorysetup-temp-allocator-size-gi-baking-worker=262144"
    "memorysetup-temp-allocator-size-gfx=262144"
Refreshing native plugins compatible for Editor in 721.04 ms, found 15 plugins.
Preloading 2 native plugins for Editor in 18.04 ms.
Initialize engine version: 2021.3.4f1 (cb45f9cae8b7)
[Subsystems] Discovering subsystems at path C:/Program Files/Unity/Hub/Editor/2021.3.4f1/Editor/Data/Resources/UnitySubsystems
[Subsystems] Discovering subsystems at path C:/Users/Sofia/OneDrive/Desktop/Dart/ARD/Project/Assets
GfxDevice: creating device client; threaded=0; jobified=0
Direct3D:
    Version:  Direct3D 11.0 [level 11.1]
    Renderer: Intel(R) HD Graphics 620 (ID=0x5916)
    Vendor:   Intel
    VRAM:     4054 MB
    Driver:   27.20.100.8682
Initialize mono
Mono path[0] = 'C:/Program Files/Unity/Hub/Editor/2021.3.4f1/Editor/Data/Managed'
Mono path[1] = 'C:/Program Files/Unity/Hub/Editor/2021.3.4f1/Editor/Data/MonoBleedingEdge/lib/mono/unityjit-win32'
Mono config path = 'C:/Program Files/Unity/Hub/Editor/2021.3.4f1/Editor/Data/MonoBleedingEdge/etc'
Using monoOptions --debugger-agent=transport=dt_socket,embedding=1,server=y,suspend=n,address=127.0.0.1:56280
Begin MonoManager ReloadAssembly
Registering precompiled unity dll's ...
Register platform support module: C:/Program Files/Unity/Hub/Editor/2021.3.4f1/Editor/Data/PlaybackEngines/WindowsStandaloneSupport/UnityEditor.WindowsStandalone.Extensions.dll
Register platform support module: C:/Program Files/Unity/Hub/Editor/2021.3.4f1/Editor/Data/PlaybackEngines/MetroSupport/UnityEditor.UWP.Extensions.dll
Registered in 0.046111 seconds.
Native extension for UWP target not found
Native extension for WindowsStandalone target not found
Refreshing native plugins compatible for Editor in 415.70 ms, found 15 plugins.
Preloading 2 native plugins for Editor in 0.86 ms.
Mono: successfully reloaded assembly
- Completed reload, in  3.969 seconds
Domain Reload Profiling:
	ReloadAssembly (3972ms)
		BeginReloadAssembly (522ms)
			ExecutionOrderSort (0ms)
			DisableScriptedObjects (0ms)
			BackupInstance (0ms)
			ReleaseScriptingObjects (0ms)
			CreateAndSetChildDomain (3ms)
		EndReloadAssembly (2725ms)
			LoadAssemblies (510ms)
			RebuildTransferFunctionScriptingTraits (0ms)
			SetupTypeCache (711ms)
			ReleaseScriptCaches (0ms)
			RebuildScriptCaches (150ms)
			SetupLoadedEditorAssemblies (1546ms)
				LogAssemblyErrors (0ms)
				InitializePlatformSupportModulesInManaged (56ms)
				SetLoadedEditorAssemblies (8ms)
				RefreshPlugins (417ms)
				BeforeProcessingInitializeOnLoad (6ms)
				ProcessInitializeOnLoadAttributes (826ms)
				ProcessInitializeOnLoadMethodAttributes (233ms)
				AfterProcessingInitializeOnLoad (0ms)
				EditorAssembliesLoaded (0ms)
			ExecutionOrderSort2 (0ms)
			AwakeInstancesAfterBackupRestoration (0ms)
Platform modules already initialized, skipping
Registering precompiled user dll's ...
Registered in 0.290811 seconds.
Begin MonoManager ReloadAssembly
Native extension for UWP target not found
Native extension for WindowsStandalone target not found
Refreshing native plugins compatible for Editor in 316.84 ms, found 15 plugins.
Preloading 2 native plugins for Editor in 0.54 ms.
Package Manager log level set to [2]
[XR] [MROpenXR][Info   ][13:25:30.109413][tid:31fc] MeshProvider_RegisterLifecycleProvider
[XR] [MROpenXR][Info   ][13:25:30.109413][tid:31fc] MeshProvider_RegisterLifecycleProvider
[XR] [MROpenXR][Info   ][13:25:30.109680][tid:31fc] InputProvider_RegisterLifecycleProvider
[XR] [MROpenXR][Info   ][13:25:30.109680][tid:31fc] InputProvider_RegisterLifecycleProvider
[XR] Error loading subsystem: Display (1) (header mismatch?)
[XR] [MROpenXR][Info   ][13:25:30.120999][tid:31fc] OnPluginStarted UnityVersion=2021.3.4f1 OpenXRPluginVersion=1.8.0 MROpenXRPluginVersion=1.8.0.0 PartA_PrivTags=33554432
[XR] [MROpenXR][Info   ][13:25:30.120999][tid:31fc] OnPluginStarted UnityVersion=2021.3.4f1 OpenXRPluginVersion=1.8.0 MROpenXRPluginVersion=1.8.0.0 PartA_PrivTags=33554432
Mono: successfully reloaded assembly
- Completed reload, in  7.043 seconds
Domain Reload Profiling:
	ReloadAssembly (7048ms)
		BeginReloadAssembly (918ms)
			ExecutionOrderSort (0ms)
			DisableScriptedObjects (38ms)
			BackupInstance (0ms)
			ReleaseScriptingObjects (0ms)
			CreateAndSetChildDomain (92ms)
		EndReloadAssembly (5733ms)
			LoadAssemblies (883ms)
			RebuildTransferFunctionScriptingTraits (0ms)
			SetupTypeCache (1362ms)
			ReleaseScriptCaches (2ms)
			RebuildScriptCaches (485ms)
			SetupLoadedEditorAssemblies (3107ms)
				LogAssemblyErrors (0ms)
				InitializePlatformSupportModulesInManaged (74ms)
				SetLoadedEditorAssemblies (1ms)
				RefreshPlugins (318ms)
				BeforeProcessingInitializeOnLoad (597ms)
				ProcessInitializeOnLoadAttributes (1721ms)
				ProcessInitializeOnLoadMethodAttributes (345ms)
				AfterProcessingInitializeOnLoad (49ms)
				EditorAssembliesLoaded (2ms)
			ExecutionOrderSort2 (0ms)
			AwakeInstancesAfterBackupRestoration (25ms)
Platform modules already initialized, skipping
========================================================================
Worker process is ready to serve import requests
Launched and connected shader compiler UnityShaderCompiler.exe after 0.27 seconds
Refreshing native plugins compatible for Editor in 6.20 ms, found 15 plugins.
Preloading 2 native plugins for Editor in 0.62 ms.
Unloading 4264 Unused Serialized files (Serialized files now loaded: 0)
Unloading 73 unused Assets / (133.8 KB). Loaded Objects now: 5063.
Memory consumption went from 173.2 MB to 173.1 MB.
Total: 17.361400 ms (FindLiveObjects: 1.472300 ms CreateObjectMapping: 2.716100 ms MarkObjects: 12.871900 ms  DeleteObjects: 0.298400 ms)

AssetImportParameters requested are different than current active one (requested -> active):
  custom:video-decoder-ogg-theora: a1e56fd34408186e4bbccfd4996cb3dc -> 
  custom:container-muxer-webm: aa71ff27fc2769a1b78a27578f13a17b -> 
  custom:container-demuxer-webm: 4f35f7cbe854078d1ac9338744f61a02 -> 
  custom:video-encoder-webm-vp8: eb34c28f22e8b96e1ab97ce403110664 -> 
  custom:video-codec-MediaFoundation-h265: 746d11721c4dcdbdad8f713fa42b33f4 -> 
  custom:audio-encoder-webm-vorbis: bf7c407c2cedff20999df2af8eb42d56 -> 
  custom:framework-win-MediaFoundation: 216162199b28c13a410421893ffa2e32 -> 
  custom:container-demuxer-ogg: 62fdf1f143b41e24485cea50d1cbac27 -> 
  custom:video-decoder-webm-vp8: 9c59270c3fd7afecdb556c50c9e8de78 -> 
  custom:audio-decoder-ogg-vorbis: bf7c407c2cedff20999df2af8eb42d56 -> 
========================================================================
Received Import Request.
  Time since last request: 950437.014302 seconds.
  path: Assets/Scripts
  artifactKey: Guid(c4a3af2f551a2be4b99833599aafdfc1) Importer(815301076,1909f56bfc062723c751e8b465ee728b)
Start importing Assets/Scripts using Guid(c4a3af2f551a2be4b99833599aafdfc1) Importer(815301076,1909f56bfc062723c751e8b465ee728b)  -> (artifact id: '94948f19f3f4a6a2c44eb871de1bcc00') in 0.093797 seconds 
========================================================================
Received Import Request.
  Time since last request: 0.000125 seconds.
  path: Assets/Scenes/KIDartScene.unity
  artifactKey: Guid(2e935e185dbf4e64196e687b61d2dffc) Importer(815301076,1909f56bfc062723c751e8b465ee728b)
Start importing Assets/Scenes/KIDartScene.unity using Guid(2e935e185dbf4e64196e687b61d2dffc) Importer(815301076,1909f56bfc062723c751e8b465ee728b)  -> (artifact id: '10711a8b7214450c1ecf43bfddf955f8') in 0.032529 seconds 
========================================================================
Received Import Request.
  Time since last request: 0.000402 seconds.
  path: Assets/Scripts/ChangeMaterialScript.cs
  artifactKey: Guid(ead22317306273f41b4b3527e2dfd128) Importer(815301076,1909f56bfc062723c751e8b465ee728b)
Start importing Assets/Scripts/ChangeMaterialScript.cs using Guid(ead22317306273f41b4b3527e2dfd128) Importer(815301076,1909f56bfc062723c751e8b465ee728b)  -> (artifact id: 'e7b552bc1755414077641b96da605bc2') in 0.107592 seconds 
========================================================================
Received Import Request.
  Time since last request: 0.000066 seconds.
  path: Assets/Scenes/DartScene.unity
  artifactKey: Guid(3067f1606ca445f49a16edb0a0076180) Importer(815301076,1909f56bfc062723c751e8b465ee728b)
Start importing Assets/Scenes/DartScene.unity using Guid(3067f1606ca445f49a16edb0a0076180) Importer(815301076,1909f56bfc062723c751e8b465ee728b)  -> (artifact id: 'bbbf6c85bbb2dc6292c24a388d95cbc4') in 0.029101 seconds 
========================================================================
Received Prepare
Registering precompiled user dll's ...
Registered in 0.051506 seconds.
Begin MonoManager ReloadAssembly
Native extension for UWP target not found
Native extension for WindowsStandalone target not found
Refreshing native plugins compatible for Editor in 5.48 ms, found 15 plugins.
Preloading 2 native plugins for Editor in 0.96 ms.
Mono: successfully reloaded assembly
- Completed reload, in  7.420 seconds
Domain Reload Profiling:
	ReloadAssembly (7427ms)
		BeginReloadAssembly (1235ms)
			ExecutionOrderSort (0ms)
			DisableScriptedObjects (79ms)
			BackupInstance (0ms)
			ReleaseScriptingObjects (1ms)
			CreateAndSetChildDomain (471ms)
		EndReloadAssembly (5450ms)
			LoadAssemblies (732ms)
			RebuildTransferFunctionScriptingTraits (1ms)
			SetupTypeCache (1367ms)
			ReleaseScriptCaches (5ms)
			RebuildScriptCaches (327ms)
			SetupLoadedEditorAssemblies (2580ms)
				LogAssemblyErrors (0ms)
				InitializePlatformSupportModulesInManaged (65ms)
				SetLoadedEditorAssemblies (3ms)
				RefreshPlugins (7ms)
				BeforeProcessingInitializeOnLoad (534ms)
				ProcessInitializeOnLoadAttributes (1618ms)
				ProcessInitializeOnLoadMethodAttributes (306ms)
				AfterProcessingInitializeOnLoad (47ms)
				EditorAssembliesLoaded (1ms)
			ExecutionOrderSort2 (0ms)
			AwakeInstancesAfterBackupRestoration (70ms)
Platform modules already initialized, skipping
Refreshing native plugins compatible for Editor in 85.81 ms, found 15 plugins.
Preloading 2 native plugins for Editor in 0.58 ms.
Unloading 4155 Unused Serialized files (Serialized files now loaded: 0)
Unloading 63 unused Assets / (100.2 KB). Loaded Objects now: 5067.
Memory consumption went from 164.0 MB to 163.9 MB.
Total: 32.530600 ms (FindLiveObjects: 5.102100 ms CreateObjectMapping: 2.813900 ms MarkObjects: 23.434400 ms  DeleteObjects: 1.176800 ms)

AssetImportParameters requested are different than current active one (requested -> active):
  custom:video-decoder-ogg-theora: a1e56fd34408186e4bbccfd4996cb3dc -> 
  custom:container-muxer-webm: aa71ff27fc2769a1b78a27578f13a17b -> 
  custom:container-demuxer-webm: 4f35f7cbe854078d1ac9338744f61a02 -> 
  custom:video-encoder-webm-vp8: eb34c28f22e8b96e1ab97ce403110664 -> 
  custom:video-codec-MediaFoundation-h265: 746d11721c4dcdbdad8f713fa42b33f4 -> 
  custom:audio-encoder-webm-vorbis: bf7c407c2cedff20999df2af8eb42d56 -> 
  custom:framework-win-MediaFoundation: 216162199b28c13a410421893ffa2e32 -> 
  custom:container-demuxer-ogg: 62fdf1f143b41e24485cea50d1cbac27 -> 
  custom:video-decoder-webm-vp8: 9c59270c3fd7afecdb556c50c9e8de78 -> 
  custom:audio-decoder-ogg-vorbis: bf7c407c2cedff20999df2af8eb42d56 -> 
========================================================================
Received Import Request.
  Time since last request: 729.043733 seconds.
  path: Assets/Materials/Blau.mat
  artifactKey: Guid(3c2806368a65a504a8b8eb5718687f3d) Importer(815301076,1909f56bfc062723c751e8b465ee728b)
Start importing Assets/Materials/Blau.mat using Guid(3c2806368a65a504a8b8eb5718687f3d) Importer(815301076,1909f56bfc062723c751e8b465ee728b)  -> (artifact id: 'f1acaefd2fdc2444ed6bf48b82e56fa6') in 0.807761 seconds 
========================================================================
Received Import Request.
  Time since last request: 0.000045 seconds.
  path: Assets/Materials/Grün.mat
  artifactKey: Guid(d5fc85e403089cc4098f571759f8d23b) Importer(815301076,1909f56bfc062723c751e8b465ee728b)
Start importing Assets/Materials/Grün.mat using Guid(d5fc85e403089cc4098f571759f8d23b) Importer(815301076,1909f56bfc062723c751e8b465ee728b)  -> (artifact id: 'f51abc98aabdf551e0b178c32da283d1') in 0.089178 seconds 
========================================================================
Received Import Request.
  Time since last request: 0.000120 seconds.
  path: Assets/Materials/Hellblau.mat
  artifactKey: Guid(0d1402a0a2abdff4e866e117a9859e80) Importer(815301076,1909f56bfc062723c751e8b465ee728b)
Start importing Assets/Materials/Hellblau.mat using Guid(0d1402a0a2abdff4e866e117a9859e80) Importer(815301076,1909f56bfc062723c751e8b465ee728b)  -> (artifact id: '30b09764f45db07b69ef0da2aadf384b') in 0.081969 seconds 
========================================================================
Received Prepare
Registering precompiled user dll's ...
Registered in 0.027481 seconds.
Begin MonoManager ReloadAssembly
Native extension for UWP target not found
Native extension for WindowsStandalone target not found
Refreshing native plugins compatible for Editor in 2.73 ms, found 15 plugins.
Preloading 2 native plugins for Editor in 0.22 ms.
Mono: successfully reloaded assembly
- Completed reload, in  5.239 seconds
Domain Reload Profiling:
	ReloadAssembly (5241ms)
		BeginReloadAssembly (372ms)
			ExecutionOrderSort (0ms)
			DisableScriptedObjects (15ms)
			BackupInstance (0ms)
			ReleaseScriptingObjects (0ms)
			CreateAndSetChildDomain (90ms)
		EndReloadAssembly (4199ms)
			LoadAssemblies (409ms)
			RebuildTransferFunctionScriptingTraits (0ms)
			SetupTypeCache (1101ms)
			ReleaseScriptCaches (6ms)
			RebuildScriptCaches (193ms)
			SetupLoadedEditorAssemblies (1462ms)
				LogAssemblyErrors (0ms)
				InitializePlatformSupportModulesInManaged (32ms)
				SetLoadedEditorAssemblies (1ms)
				RefreshPlugins (3ms)
				BeforeProcessingInitializeOnLoad (200ms)
				ProcessInitializeOnLoadAttributes (1080ms)
				ProcessInitializeOnLoadMethodAttributes (123ms)
				AfterProcessingInitializeOnLoad (23ms)
				EditorAssembliesLoaded (1ms)
			ExecutionOrderSort2 (0ms)
			AwakeInstancesAfterBackupRestoration (25ms)
Platform modules already initialized, skipping
Refreshing native plugins compatible for Editor in 50.26 ms, found 15 plugins.
Preloading 2 native plugins for Editor in 0.32 ms.
Unloading 4155 Unused Serialized files (Serialized files now loaded: 0)
Unloading 63 unused Assets / (100.4 KB). Loaded Objects now: 5110.
Memory consumption went from 168.3 MB to 168.2 MB.
Total: 13.178400 ms (FindLiveObjects: 1.465500 ms CreateObjectMapping: 0.788200 ms MarkObjects: 10.587800 ms  DeleteObjects: 0.334400 ms)

AssetImportParameters requested are different than current active one (requested -> active):
  custom:video-decoder-ogg-theora: a1e56fd34408186e4bbccfd4996cb3dc -> 
  custom:container-muxer-webm: aa71ff27fc2769a1b78a27578f13a17b -> 
  custom:container-demuxer-webm: 4f35f7cbe854078d1ac9338744f61a02 -> 
  custom:video-encoder-webm-vp8: eb34c28f22e8b96e1ab97ce403110664 -> 
  custom:video-codec-MediaFoundation-h265: 746d11721c4dcdbdad8f713fa42b33f4 -> 
  custom:audio-encoder-webm-vorbis: bf7c407c2cedff20999df2af8eb42d56 -> 
  custom:framework-win-MediaFoundation: 216162199b28c13a410421893ffa2e32 -> 
  custom:container-demuxer-ogg: 62fdf1f143b41e24485cea50d1cbac27 -> 
  custom:video-decoder-webm-vp8: 9c59270c3fd7afecdb556c50c9e8de78 -> 
  custom:audio-decoder-ogg-vorbis: bf7c407c2cedff20999df2af8eb42d56 -> 
