Using pre-set license
Built from '2021.3/staging' branch; Version is '2021.3.4f1 (cb45f9cae8b7) revision 13321721'; Using compiler version '192829333'; Build Type 'Release'
OS: 'Windows 10  (10.0.19045) 64bit Professional' Language: 'de' Physical Memory: 8109 MB
BatchMode: 1, IsHumanControllingUs: 0, StartBugReporterOnCrash: 0, Is64bit: 1, IsPro: 1

COMMAND LINE ARGUMENTS:
C:\Program Files\Unity\Hub\Editor\2021.3.4f1\Editor\Unity.exe
-adb2
-batchMode
-noUpm
-name
AssetImportWorker3
-projectPath
C:/Users/Sofia/OneDrive/Desktop/Dart/ARD/Project
-logFile
Logs/AssetImportWorker3.log
-srvPort
53115
Successfully changed project path to: C:/Users/Sofia/OneDrive/Desktop/Dart/ARD/Project
C:/Users/Sofia/OneDrive/Desktop/Dart/ARD/Project
[UnityMemory] Configuration Parameters - Can be set up in boot.config
    "memorysetup-bucket-allocator-granularity=16"
    "memorysetup-bucket-allocator-bucket-count=8"
    "memorysetup-bucket-allocator-block-size=33554432"
    "memorysetup-bucket-allocator-block-count=8"
    "memorysetup-main-allocator-block-size=16777216"
    "memorysetup-thread-allocator-block-size=16777216"
    "memorysetup-gfx-main-allocator-block-size=16777216"
    "memorysetup-gfx-thread-allocator-block-size=16777216"
    "memorysetup-cache-allocator-block-size=4194304"
    "memorysetup-typetree-allocator-block-size=2097152"
    "memorysetup-profiler-bucket-allocator-granularity=16"
    "memorysetup-profiler-bucket-allocator-bucket-count=8"
    "memorysetup-profiler-bucket-allocator-block-size=33554432"
    "memorysetup-profiler-bucket-allocator-block-count=8"
    "memorysetup-profiler-allocator-block-size=16777216"
    "memorysetup-profiler-editor-allocator-block-size=1048576"
    "memorysetup-temp-allocator-size-main=16777216"
    "memorysetup-job-temp-allocator-block-size=2097152"
    "memorysetup-job-temp-allocator-block-size-background=1048576"
    "memorysetup-job-temp-allocator-reduction-small-platforms=262144"
    "memorysetup-temp-allocator-size-background-worker=32768"
    "memorysetup-temp-allocator-size-job-worker=262144"
    "memorysetup-temp-allocator-size-preload-manager=33554432"
    "memorysetup-temp-allocator-size-nav-mesh-worker=65536"
    "memorysetup-temp-allocator-size-audio-worker=65536"
    "memorysetup-temp-allocator-size-cloud-worker=32768"
    "memorysetup-temp-allocator-size-gi-baking-worker=262144"
    "memorysetup-temp-allocator-size-gfx=262144"
Refreshing native plugins compatible for Editor in 947.29 ms, found 15 plugins.
Preloading 2 native plugins for Editor in 85.67 ms.
Initialize engine version: 2021.3.4f1 (cb45f9cae8b7)
[Subsystems] Discovering subsystems at path C:/Program Files/Unity/Hub/Editor/2021.3.4f1/Editor/Data/Resources/UnitySubsystems
[Subsystems] Discovering subsystems at path C:/Users/Sofia/OneDrive/Desktop/Dart/ARD/Project/Assets
GfxDevice: creating device client; threaded=0; jobified=0
Direct3D:
    Version:  Direct3D 11.0 [level 11.1]
    Renderer: Intel(R) HD Graphics 620 (ID=0x5916)
    Vendor:   Intel
    VRAM:     4054 MB
    Driver:   27.20.100.8682
Initialize mono
Mono path[0] = 'C:/Program Files/Unity/Hub/Editor/2021.3.4f1/Editor/Data/Managed'
Mono path[1] = 'C:/Program Files/Unity/Hub/Editor/2021.3.4f1/Editor/Data/MonoBleedingEdge/lib/mono/unityjit-win32'
Mono config path = 'C:/Program Files/Unity/Hub/Editor/2021.3.4f1/Editor/Data/MonoBleedingEdge/etc'
Using monoOptions --debugger-agent=transport=dt_socket,embedding=1,server=y,suspend=n,address=127.0.0.1:56488
Begin MonoManager ReloadAssembly
Registering precompiled unity dll's ...
Register platform support module: C:/Program Files/Unity/Hub/Editor/2021.3.4f1/Editor/Data/PlaybackEngines/WindowsStandaloneSupport/UnityEditor.WindowsStandalone.Extensions.dll
Register platform support module: C:/Program Files/Unity/Hub/Editor/2021.3.4f1/Editor/Data/PlaybackEngines/MetroSupport/UnityEditor.UWP.Extensions.dll
Registered in 0.060334 seconds.
Native extension for UWP target not found
Native extension for WindowsStandalone target not found
Refreshing native plugins compatible for Editor in 342.22 ms, found 15 plugins.
Preloading 2 native plugins for Editor in 0.35 ms.
Mono: successfully reloaded assembly
- Completed reload, in  4.055 seconds
Domain Reload Profiling:
	ReloadAssembly (4058ms)
		BeginReloadAssembly (470ms)
			ExecutionOrderSort (0ms)
			DisableScriptedObjects (0ms)
			BackupInstance (0ms)
			ReleaseScriptingObjects (0ms)
			CreateAndSetChildDomain (6ms)
		EndReloadAssembly (2849ms)
			LoadAssemblies (450ms)
			RebuildTransferFunctionScriptingTraits (0ms)
			SetupTypeCache (690ms)
			ReleaseScriptCaches (0ms)
			RebuildScriptCaches (193ms)
			SetupLoadedEditorAssemblies (1609ms)
				LogAssemblyErrors (0ms)
				InitializePlatformSupportModulesInManaged (63ms)
				SetLoadedEditorAssemblies (1ms)
				RefreshPlugins (343ms)
				BeforeProcessingInitializeOnLoad (8ms)
				ProcessInitializeOnLoadAttributes (911ms)
				ProcessInitializeOnLoadMethodAttributes (281ms)
				AfterProcessingInitializeOnLoad (0ms)
				EditorAssembliesLoaded (1ms)
			ExecutionOrderSort2 (0ms)
			AwakeInstancesAfterBackupRestoration (0ms)
Platform modules already initialized, skipping
Registering precompiled user dll's ...
Registered in 0.078040 seconds.
Begin MonoManager ReloadAssembly
Native extension for UWP target not found
Native extension for WindowsStandalone target not found
Refreshing native plugins compatible for Editor in 377.21 ms, found 15 plugins.
Preloading 2 native plugins for Editor in 0.35 ms.
Package Manager log level set to [2]
[XR] [MROpenXR][Info   ][13:21:28.989285][tid:fd4] MeshProvider_RegisterLifecycleProvider
[XR] [MROpenXR][Info   ][13:21:28.989285][tid:fd4] MeshProvider_RegisterLifecycleProvider
[XR] [MROpenXR][Info   ][13:21:28.989589][tid:fd4] InputProvider_RegisterLifecycleProvider
[XR] [MROpenXR][Info   ][13:21:28.989589][tid:fd4] InputProvider_RegisterLifecycleProvider
[XR] Error loading subsystem: Display (1) (header mismatch?)
[XR] [MROpenXR][Info   ][13:21:29.001143][tid:fd4] OnPluginStarted UnityVersion=2021.3.4f1 OpenXRPluginVersion=1.7.0 MROpenXRPluginVersion=1.8.0.0 PartA_PrivTags=33554432
[XR] [MROpenXR][Info   ][13:21:29.001143][tid:fd4] OnPluginStarted UnityVersion=2021.3.4f1 OpenXRPluginVersion=1.7.0 MROpenXRPluginVersion=1.8.0.0 PartA_PrivTags=33554432
Mono: successfully reloaded assembly
- Completed reload, in  8.671 seconds
Domain Reload Profiling:
	ReloadAssembly (8675ms)
		BeginReloadAssembly (738ms)
			ExecutionOrderSort (0ms)
			DisableScriptedObjects (47ms)
			BackupInstance (0ms)
			ReleaseScriptingObjects (1ms)
			CreateAndSetChildDomain (107ms)
		EndReloadAssembly (7228ms)
			LoadAssemblies (667ms)
			RebuildTransferFunctionScriptingTraits (0ms)
			SetupTypeCache (1616ms)
			ReleaseScriptCaches (4ms)
			RebuildScriptCaches (684ms)
			SetupLoadedEditorAssemblies (3926ms)
				LogAssemblyErrors (0ms)
				InitializePlatformSupportModulesInManaged (79ms)
				SetLoadedEditorAssemblies (2ms)
				RefreshPlugins (378ms)
				BeforeProcessingInitializeOnLoad (719ms)
				ProcessInitializeOnLoadAttributes (2278ms)
				ProcessInitializeOnLoadMethodAttributes (422ms)
				AfterProcessingInitializeOnLoad (49ms)
				EditorAssembliesLoaded (1ms)
			ExecutionOrderSort2 (0ms)
			AwakeInstancesAfterBackupRestoration (41ms)
Platform modules already initialized, skipping
========================================================================
Worker process is ready to serve import requests
Launched and connected shader compiler UnityShaderCompiler.exe after 0.20 seconds
Refreshing native plugins compatible for Editor in 6.27 ms, found 15 plugins.
Preloading 2 native plugins for Editor in 1.56 ms.
Unloading 4237 Unused Serialized files (Serialized files now loaded: 0)
Unloading 68 unused Assets / (134.9 KB). Loaded Objects now: 5027.
Memory consumption went from 172.4 MB to 172.2 MB.
Total: 18.019500 ms (FindLiveObjects: 1.260300 ms CreateObjectMapping: 1.874600 ms MarkObjects: 11.139100 ms  DeleteObjects: 3.739800 ms)

AssetImportParameters requested are different than current active one (requested -> active):
  custom:video-decoder-ogg-theora: a1e56fd34408186e4bbccfd4996cb3dc -> 
  custom:container-muxer-webm: aa71ff27fc2769a1b78a27578f13a17b -> 
  custom:container-demuxer-webm: 4f35f7cbe854078d1ac9338744f61a02 -> 
  custom:video-encoder-webm-vp8: eb34c28f22e8b96e1ab97ce403110664 -> 
  custom:video-codec-MediaFoundation-h265: 746d11721c4dcdbdad8f713fa42b33f4 -> 
  custom:audio-encoder-webm-vorbis: bf7c407c2cedff20999df2af8eb42d56 -> 
  custom:framework-win-MediaFoundation: 216162199b28c13a410421893ffa2e32 -> 
  custom:container-demuxer-ogg: 62fdf1f143b41e24485cea50d1cbac27 -> 
  custom:video-decoder-webm-vp8: 9c59270c3fd7afecdb556c50c9e8de78 -> 
  custom:audio-decoder-ogg-vorbis: bf7c407c2cedff20999df2af8eb42d56 -> 
========================================================================
Received Import Request.
  Time since last request: 774492.198344 seconds.
  path: Assets/Formen/Halbkreis.Pp.blend
  artifactKey: Guid(f85e8c9ac90e399408262d94d7b1d3f1) Importer(815301076,1909f56bfc062723c751e8b465ee728b)
Start importing Assets/Formen/Halbkreis.Pp.blend using Guid(f85e8c9ac90e399408262d94d7b1d3f1) Importer(815301076,1909f56bfc062723c751e8b465ee728b)  -> (artifact id: '849d5fef600a676bdffad008c9ab35d6') in 1.056063 seconds 
========================================================================
Received Import Request.
  Time since last request: 0.000047 seconds.
  path: Assets/Formen/rechteckgr.blend
  artifactKey: Guid(985fa112968396b45a5bad2dc0cb755e) Importer(815301076,1909f56bfc062723c751e8b465ee728b)
Start importing Assets/Formen/rechteckgr.blend using Guid(985fa112968396b45a5bad2dc0cb755e) Importer(815301076,1909f56bfc062723c751e8b465ee728b)  -> (artifact id: 'f137df6de30459c32757098ad2ed9e79') in 0.182066 seconds 
========================================================================
Received Import Request.
  Time since last request: 0.000060 seconds.
  path: Assets/Formen/Kreis_kl.blend
  artifactKey: Guid(def655e0bc72d05449e090680f4302f7) Importer(815301076,1909f56bfc062723c751e8b465ee728b)
Start importing Assets/Formen/Kreis_kl.blend using Guid(def655e0bc72d05449e090680f4302f7) Importer(815301076,1909f56bfc062723c751e8b465ee728b)  -> (artifact id: 'b022bb8ca6942dae371fddebac81bc91') in 0.191422 seconds 
========================================================================
Received Import Request.
  Time since last request: 0.000232 seconds.
  path: Assets/Formen
  artifactKey: Guid(ce47dc8f48ae8c1458d0abfc3beb54b2) Importer(815301076,1909f56bfc062723c751e8b465ee728b)
Start importing Assets/Formen using Guid(ce47dc8f48ae8c1458d0abfc3beb54b2) Importer(815301076,1909f56bfc062723c751e8b465ee728b)  -> (artifact id: '28a904d07634a85e166d4df337b98426') in 0.028668 seconds 
========================================================================
Received Import Request.
  Time since last request: 0.000181 seconds.
  path: Assets/Formen/Form2neun.blend
  artifactKey: Guid(257d3f461aa67d3438058fd4f0a0e0ae) Importer(815301076,1909f56bfc062723c751e8b465ee728b)
Start importing Assets/Formen/Form2neun.blend using Guid(257d3f461aa67d3438058fd4f0a0e0ae) Importer(815301076,1909f56bfc062723c751e8b465ee728b)  -> (artifact id: '3db729c2e080e97f9caa258ab5a4d8a7') in 0.215228 seconds 
========================================================================
Received Import Request.
  Time since last request: 0.000102 seconds.
  path: Assets/Formen/Kreismitte.blend
  artifactKey: Guid(109e0c2c4a96e5741961ef4dde959eeb) Importer(815301076,1909f56bfc062723c751e8b465ee728b)
Start importing Assets/Formen/Kreismitte.blend using Guid(109e0c2c4a96e5741961ef4dde959eeb) Importer(815301076,1909f56bfc062723c751e8b465ee728b)  -> (artifact id: '6c135f19f7fe9da53434148d3b17f7ca') in 0.347447 seconds 
========================================================================
Received Import Request.
  Time since last request: 0.000052 seconds.
  path: Assets/Formen/Viereckgroß.blend
  artifactKey: Guid(e9fb095db459e2a40bdc045ea87be716) Importer(815301076,1909f56bfc062723c751e8b465ee728b)
Start importing Assets/Formen/Viereckgroß.blend using Guid(e9fb095db459e2a40bdc045ea87be716) Importer(815301076,1909f56bfc062723c751e8b465ee728b)  -> (artifact id: '32a8b1ce2d6967a8721c8dca711e330f') in 0.087892 seconds 
========================================================================
Received Import Request.
  Time since last request: 0.000040 seconds.
  path: Assets/Formen/klein-hell.blend
  artifactKey: Guid(8221d528f8b083244bec15d400729279) Importer(815301076,1909f56bfc062723c751e8b465ee728b)
Start importing Assets/Formen/klein-hell.blend using Guid(8221d528f8b083244bec15d400729279) Importer(815301076,1909f56bfc062723c751e8b465ee728b)  -> (artifact id: '02dfea37ee429e96abdd336c743579a6') in 0.154542 seconds 
========================================================================
Received Import Request.
  Time since last request: 0.000048 seconds.
  path: Assets/Abstandslinie_Material.mat
  artifactKey: Guid(9e572341911f4364bbe431f1298cb472) Importer(815301076,1909f56bfc062723c751e8b465ee728b)
Start importing Assets/Abstandslinie_Material.mat using Guid(9e572341911f4364bbe431f1298cb472) Importer(815301076,1909f56bfc062723c751e8b465ee728b)  -> (artifact id: '6ec6eaac647f92dbfcb1efa914967210') in 0.152237 seconds 
========================================================================
Received Import Request.
  Time since last request: 0.000045 seconds.
  path: Assets/Abstandslinie.prefab
  artifactKey: Guid(6bb7dba263bd5514fa0737cfbf278f2f) Importer(815301076,1909f56bfc062723c751e8b465ee728b)
Start importing Assets/Abstandslinie.prefab using Guid(6bb7dba263bd5514fa0737cfbf278f2f) Importer(815301076,1909f56bfc062723c751e8b465ee728b)  -> (artifact id: 'a9f3d4f04d3e6a557415d4d5c8e2e795') in 0.203509 seconds 
========================================================================
Received Import Request.
  Time since last request: 0.003298 seconds.
  path: Assets/Formen/Dartscheibe-formen.blend
  artifactKey: Guid(9550ea4bffb778741825618c42295049) Importer(815301076,1909f56bfc062723c751e8b465ee728b)
Start importing Assets/Formen/Dartscheibe-formen.blend using Guid(9550ea4bffb778741825618c42295049) Importer(815301076,1909f56bfc062723c751e8b465ee728b)  -> (artifact id: '2e7a7322a3d9560c65e42a7dac00663f') in 0.904640 seconds 
