Using pre-set license
Built from '2021.3/staging' branch; Version is '2021.3.4f1 (cb45f9cae8b7) revision 13321721'; Using compiler version '192829333'; Build Type 'Release'
OS: 'Windows 10  (10.0.19045) 64bit Professional' Language: 'de' Physical Memory: 8109 MB
BatchMode: 1, IsHumanControllingUs: 0, StartBugReporterOnCrash: 0, Is64bit: 1, IsPro: 1

COMMAND LINE ARGUMENTS:
C:\Program Files\Unity\Hub\Editor\2021.3.4f1\Editor\Unity.exe
-adb2
-batchMode
-noUpm
-name
AssetImportWorker12
-projectPath
C:/Users/Sofia/OneDrive/Desktop/Dart/ARD/Project
-logFile
Logs/AssetImportWorker12.log
-srvPort
55416
Successfully changed project path to: C:/Users/Sofia/OneDrive/Desktop/Dart/ARD/Project
C:/Users/Sofia/OneDrive/Desktop/Dart/ARD/Project
[UnityMemory] Configuration Parameters - Can be set up in boot.config
    "memorysetup-bucket-allocator-granularity=16"
    "memorysetup-bucket-allocator-bucket-count=8"
    "memorysetup-bucket-allocator-block-size=33554432"
    "memorysetup-bucket-allocator-block-count=8"
    "memorysetup-main-allocator-block-size=16777216"
    "memorysetup-thread-allocator-block-size=16777216"
    "memorysetup-gfx-main-allocator-block-size=16777216"
    "memorysetup-gfx-thread-allocator-block-size=16777216"
    "memorysetup-cache-allocator-block-size=4194304"
    "memorysetup-typetree-allocator-block-size=2097152"
    "memorysetup-profiler-bucket-allocator-granularity=16"
    "memorysetup-profiler-bucket-allocator-bucket-count=8"
    "memorysetup-profiler-bucket-allocator-block-size=33554432"
    "memorysetup-profiler-bucket-allocator-block-count=8"
    "memorysetup-profiler-allocator-block-size=16777216"
    "memorysetup-profiler-editor-allocator-block-size=1048576"
    "memorysetup-temp-allocator-size-main=16777216"
    "memorysetup-job-temp-allocator-block-size=2097152"
    "memorysetup-job-temp-allocator-block-size-background=1048576"
    "memorysetup-job-temp-allocator-reduction-small-platforms=262144"
    "memorysetup-temp-allocator-size-background-worker=32768"
    "memorysetup-temp-allocator-size-job-worker=262144"
    "memorysetup-temp-allocator-size-preload-manager=33554432"
    "memorysetup-temp-allocator-size-nav-mesh-worker=65536"
    "memorysetup-temp-allocator-size-audio-worker=65536"
    "memorysetup-temp-allocator-size-cloud-worker=32768"
    "memorysetup-temp-allocator-size-gi-baking-worker=262144"
    "memorysetup-temp-allocator-size-gfx=262144"
Refreshing native plugins compatible for Editor in 711.66 ms, found 15 plugins.
Preloading 2 native plugins for Editor in 24.32 ms.
Initialize engine version: 2021.3.4f1 (cb45f9cae8b7)
[Subsystems] Discovering subsystems at path C:/Program Files/Unity/Hub/Editor/2021.3.4f1/Editor/Data/Resources/UnitySubsystems
[Subsystems] Discovering subsystems at path C:/Users/Sofia/OneDrive/Desktop/Dart/ARD/Project/Assets
GfxDevice: creating device client; threaded=0; jobified=0
Direct3D:
    Version:  Direct3D 11.0 [level 11.1]
    Renderer: Intel(R) HD Graphics 620 (ID=0x5916)
    Vendor:   Intel
    VRAM:     4054 MB
    Driver:   27.20.100.8682
Initialize mono
Mono path[0] = 'C:/Program Files/Unity/Hub/Editor/2021.3.4f1/Editor/Data/Managed'
Mono path[1] = 'C:/Program Files/Unity/Hub/Editor/2021.3.4f1/Editor/Data/MonoBleedingEdge/lib/mono/unityjit-win32'
Mono config path = 'C:/Program Files/Unity/Hub/Editor/2021.3.4f1/Editor/Data/MonoBleedingEdge/etc'
Using monoOptions --debugger-agent=transport=dt_socket,embedding=1,server=y,suspend=n,address=127.0.0.1:56680
Begin MonoManager ReloadAssembly
Registering precompiled unity dll's ...
Register platform support module: C:/Program Files/Unity/Hub/Editor/2021.3.4f1/Editor/Data/PlaybackEngines/WindowsStandaloneSupport/UnityEditor.WindowsStandalone.Extensions.dll
Register platform support module: C:/Program Files/Unity/Hub/Editor/2021.3.4f1/Editor/Data/PlaybackEngines/MetroSupport/UnityEditor.UWP.Extensions.dll
Registered in 0.060942 seconds.
Native extension for UWP target not found
Native extension for WindowsStandalone target not found
Refreshing native plugins compatible for Editor in 780.17 ms, found 15 plugins.
Preloading 2 native plugins for Editor in 0.69 ms.
Mono: successfully reloaded assembly
- Completed reload, in  5.293 seconds
Domain Reload Profiling:
	ReloadAssembly (5295ms)
		BeginReloadAssembly (611ms)
			ExecutionOrderSort (0ms)
			DisableScriptedObjects (0ms)
			BackupInstance (0ms)
			ReleaseScriptingObjects (0ms)
			CreateAndSetChildDomain (7ms)
		EndReloadAssembly (3788ms)
			LoadAssemblies (593ms)
			RebuildTransferFunctionScriptingTraits (0ms)
			SetupTypeCache (850ms)
			ReleaseScriptCaches (0ms)
			RebuildScriptCaches (284ms)
			SetupLoadedEditorAssemblies (2301ms)
				LogAssemblyErrors (0ms)
				InitializePlatformSupportModulesInManaged (166ms)
				SetLoadedEditorAssemblies (18ms)
				RefreshPlugins (781ms)
				BeforeProcessingInitializeOnLoad (9ms)
				ProcessInitializeOnLoadAttributes (993ms)
				ProcessInitializeOnLoadMethodAttributes (333ms)
				AfterProcessingInitializeOnLoad (0ms)
				EditorAssembliesLoaded (1ms)
			ExecutionOrderSort2 (0ms)
			AwakeInstancesAfterBackupRestoration (0ms)
Platform modules already initialized, skipping
Registering precompiled user dll's ...
Registered in 0.131120 seconds.
Begin MonoManager ReloadAssembly
Native extension for UWP target not found
Native extension for WindowsStandalone target not found
Refreshing native plugins compatible for Editor in 578.07 ms, found 15 plugins.
Preloading 2 native plugins for Editor in 0.39 ms.
Package Manager log level set to [2]
[XR] [MROpenXR][Info   ][14:39:48.930613][tid:c38] MeshProvider_RegisterLifecycleProvider
[XR] [MROpenXR][Info   ][14:39:48.930613][tid:c38] MeshProvider_RegisterLifecycleProvider
[XR] [MROpenXR][Info   ][14:39:48.930739][tid:c38] InputProvider_RegisterLifecycleProvider
[XR] [MROpenXR][Info   ][14:39:48.930739][tid:c38] InputProvider_RegisterLifecycleProvider
[XR] Error loading subsystem: Display (1) (header mismatch?)
[XR] [MROpenXR][Info   ][14:39:48.935391][tid:c38] OnPluginStarted UnityVersion=2021.3.4f1 OpenXRPluginVersion=1.8.0 MROpenXRPluginVersion=1.8.0.0 PartA_PrivTags=33554432
[XR] [MROpenXR][Info   ][14:39:48.935391][tid:c38] OnPluginStarted UnityVersion=2021.3.4f1 OpenXRPluginVersion=1.8.0 MROpenXRPluginVersion=1.8.0.0 PartA_PrivTags=33554432
Mono: successfully reloaded assembly
- Completed reload, in  6.938 seconds
Domain Reload Profiling:
	ReloadAssembly (6940ms)
		BeginReloadAssembly (221ms)
			ExecutionOrderSort (0ms)
			DisableScriptedObjects (10ms)
			BackupInstance (0ms)
			ReleaseScriptingObjects (0ms)
			CreateAndSetChildDomain (37ms)
		EndReloadAssembly (6517ms)
			LoadAssemblies (215ms)
			RebuildTransferFunctionScriptingTraits (0ms)
			SetupTypeCache (807ms)
			ReleaseScriptCaches (2ms)
			RebuildScriptCaches (2211ms)
			SetupLoadedEditorAssemblies (2803ms)
				LogAssemblyErrors (0ms)
				InitializePlatformSupportModulesInManaged (87ms)
				SetLoadedEditorAssemblies (1ms)
				RefreshPlugins (579ms)
				BeforeProcessingInitializeOnLoad (568ms)
				ProcessInitializeOnLoadAttributes (1389ms)
				ProcessInitializeOnLoadMethodAttributes (163ms)
				AfterProcessingInitializeOnLoad (17ms)
				EditorAssembliesLoaded (0ms)
			ExecutionOrderSort2 (0ms)
			AwakeInstancesAfterBackupRestoration (13ms)
Platform modules already initialized, skipping
========================================================================
Worker process is ready to serve import requests
Launched and connected shader compiler UnityShaderCompiler.exe after 0.16 seconds
Refreshing native plugins compatible for Editor in 3.35 ms, found 15 plugins.
Preloading 2 native plugins for Editor in 0.39 ms.
Unloading 4257 Unused Serialized files (Serialized files now loaded: 0)
Unloading 73 unused Assets / (134.9 KB). Loaded Objects now: 5056.
Memory consumption went from 173.1 MB to 173.0 MB.
Total: 11.825300 ms (FindLiveObjects: 0.692300 ms CreateObjectMapping: 0.849700 ms MarkObjects: 9.924700 ms  DeleteObjects: 0.354900 ms)

AssetImportParameters requested are different than current active one (requested -> active):
  custom:video-decoder-ogg-theora: a1e56fd34408186e4bbccfd4996cb3dc -> 
  custom:container-muxer-webm: aa71ff27fc2769a1b78a27578f13a17b -> 
  custom:container-demuxer-webm: 4f35f7cbe854078d1ac9338744f61a02 -> 
  custom:video-encoder-webm-vp8: eb34c28f22e8b96e1ab97ce403110664 -> 
  custom:video-codec-MediaFoundation-h265: 746d11721c4dcdbdad8f713fa42b33f4 -> 
  custom:audio-encoder-webm-vorbis: bf7c407c2cedff20999df2af8eb42d56 -> 
  custom:framework-win-MediaFoundation: 216162199b28c13a410421893ffa2e32 -> 
  custom:container-demuxer-ogg: 62fdf1f143b41e24485cea50d1cbac27 -> 
  custom:video-decoder-webm-vp8: 9c59270c3fd7afecdb556c50c9e8de78 -> 
  custom:audio-decoder-ogg-vorbis: bf7c407c2cedff20999df2af8eb42d56 -> 
========================================================================
Received Import Request.
  Time since last request: 90831.205838 seconds.
  path: Assets/Scenes/Level2Scene.unity
  artifactKey: Guid(c28ac9dff9fd482488593fae4b230acf) Importer(815301076,1909f56bfc062723c751e8b465ee728b)
Start importing Assets/Scenes/Level2Scene.unity using Guid(c28ac9dff9fd482488593fae4b230acf) Importer(815301076,1909f56bfc062723c751e8b465ee728b)  -> (artifact id: 'fb5ceea980af135ec05ce8628354004b') in 0.038992 seconds 
========================================================================
Received Prepare
Registering precompiled user dll's ...
Registered in 0.021553 seconds.
Begin MonoManager ReloadAssembly
Native extension for UWP target not found
Native extension for WindowsStandalone target not found
Refreshing native plugins compatible for Editor in 2.80 ms, found 15 plugins.
Preloading 2 native plugins for Editor in 0.30 ms.
Mono: successfully reloaded assembly
- Completed reload, in  3.233 seconds
Domain Reload Profiling:
	ReloadAssembly (3234ms)
		BeginReloadAssembly (266ms)
			ExecutionOrderSort (0ms)
			DisableScriptedObjects (35ms)
			BackupInstance (0ms)
			ReleaseScriptingObjects (0ms)
			CreateAndSetChildDomain (55ms)
		EndReloadAssembly (2726ms)
			LoadAssemblies (220ms)
			RebuildTransferFunctionScriptingTraits (0ms)
			SetupTypeCache (652ms)
			ReleaseScriptCaches (2ms)
			RebuildScriptCaches (132ms)
			SetupLoadedEditorAssemblies (1470ms)
				LogAssemblyErrors (0ms)
				InitializePlatformSupportModulesInManaged (50ms)
				SetLoadedEditorAssemblies (1ms)
				RefreshPlugins (3ms)
				BeforeProcessingInitializeOnLoad (229ms)
				ProcessInitializeOnLoadAttributes (1058ms)
				ProcessInitializeOnLoadMethodAttributes (111ms)
				AfterProcessingInitializeOnLoad (18ms)
				EditorAssembliesLoaded (0ms)
			ExecutionOrderSort2 (0ms)
			AwakeInstancesAfterBackupRestoration (18ms)
Platform modules already initialized, skipping
Refreshing native plugins compatible for Editor in 59.97 ms, found 15 plugins.
Preloading 2 native plugins for Editor in 0.77 ms.
Unloading 4148 Unused Serialized files (Serialized files now loaded: 0)
Unloading 63 unused Assets / (101.4 KB). Loaded Objects now: 5060.
Memory consumption went from 163.9 MB to 163.8 MB.
Total: 26.602200 ms (FindLiveObjects: 1.327100 ms CreateObjectMapping: 2.356900 ms MarkObjects: 18.849900 ms  DeleteObjects: 4.066100 ms)

AssetImportParameters requested are different than current active one (requested -> active):
  custom:video-decoder-ogg-theora: a1e56fd34408186e4bbccfd4996cb3dc -> 
  custom:container-muxer-webm: aa71ff27fc2769a1b78a27578f13a17b -> 
  custom:container-demuxer-webm: 4f35f7cbe854078d1ac9338744f61a02 -> 
  custom:video-encoder-webm-vp8: eb34c28f22e8b96e1ab97ce403110664 -> 
  custom:video-codec-MediaFoundation-h265: 746d11721c4dcdbdad8f713fa42b33f4 -> 
  custom:audio-encoder-webm-vorbis: bf7c407c2cedff20999df2af8eb42d56 -> 
  custom:framework-win-MediaFoundation: 216162199b28c13a410421893ffa2e32 -> 
  custom:container-demuxer-ogg: 62fdf1f143b41e24485cea50d1cbac27 -> 
  custom:video-decoder-webm-vp8: 9c59270c3fd7afecdb556c50c9e8de78 -> 
  custom:audio-decoder-ogg-vorbis: bf7c407c2cedff20999df2af8eb42d56 -> 
========================================================================
Received Import Request.
  Time since last request: 295.894249 seconds.
  path: Assets/Scenes/DartScene.unity
  artifactKey: Guid(3067f1606ca445f49a16edb0a0076180) Importer(815301076,1909f56bfc062723c751e8b465ee728b)
Start importing Assets/Scenes/DartScene.unity using Guid(3067f1606ca445f49a16edb0a0076180) Importer(815301076,1909f56bfc062723c751e8b465ee728b)  -> (artifact id: '21fd48a6ffb9a3d26830a8ef919da7b9') in 0.023769 seconds 
========================================================================
Received Import Request.
  Time since last request: 44.354594 seconds.
  path: Assets/Scripts/ScoreAnzeigeScript.cs
  artifactKey: Guid(a79dff83879521c4a8d741698c1be6be) Importer(815301076,1909f56bfc062723c751e8b465ee728b)
Start importing Assets/Scripts/ScoreAnzeigeScript.cs using Guid(a79dff83879521c4a8d741698c1be6be) Importer(815301076,1909f56bfc062723c751e8b465ee728b)  -> (artifact id: '2eedc990debbe76efe6ca61e626eaef0') in 0.236872 seconds 
========================================================================
Received Prepare
Registering precompiled user dll's ...
Registered in 0.024936 seconds.
Begin MonoManager ReloadAssembly
Native extension for UWP target not found
Native extension for WindowsStandalone target not found
Refreshing native plugins compatible for Editor in 8.38 ms, found 15 plugins.
Preloading 2 native plugins for Editor in 0.64 ms.
Mono: successfully reloaded assembly
- Completed reload, in  5.722 seconds
Domain Reload Profiling:
	ReloadAssembly (5724ms)
		BeginReloadAssembly (363ms)
			ExecutionOrderSort (0ms)
			DisableScriptedObjects (13ms)
			BackupInstance (0ms)
			ReleaseScriptingObjects (0ms)
			CreateAndSetChildDomain (73ms)
		EndReloadAssembly (5051ms)
			LoadAssemblies (670ms)
			RebuildTransferFunctionScriptingTraits (0ms)
			SetupTypeCache (1632ms)
			ReleaseScriptCaches (8ms)
			RebuildScriptCaches (330ms)
			SetupLoadedEditorAssemblies (1838ms)
				LogAssemblyErrors (0ms)
				InitializePlatformSupportModulesInManaged (94ms)
				SetLoadedEditorAssemblies (7ms)
				RefreshPlugins (9ms)
				BeforeProcessingInitializeOnLoad (545ms)
				ProcessInitializeOnLoadAttributes (1048ms)
				ProcessInitializeOnLoadMethodAttributes (119ms)
				AfterProcessingInitializeOnLoad (16ms)
				EditorAssembliesLoaded (0ms)
			ExecutionOrderSort2 (0ms)
			AwakeInstancesAfterBackupRestoration (15ms)
Platform modules already initialized, skipping
Refreshing native plugins compatible for Editor in 27.60 ms, found 15 plugins.
Preloading 2 native plugins for Editor in 0.14 ms.
Unloading 4148 Unused Serialized files (Serialized files now loaded: 0)
Unloading 63 unused Assets / (101.4 KB). Loaded Objects now: 5064.
Memory consumption went from 164.0 MB to 163.9 MB.
Total: 10.726500 ms (FindLiveObjects: 0.555300 ms CreateObjectMapping: 0.506300 ms MarkObjects: 9.324600 ms  DeleteObjects: 0.338900 ms)

AssetImportParameters requested are different than current active one (requested -> active):
  custom:video-decoder-ogg-theora: a1e56fd34408186e4bbccfd4996cb3dc -> 
  custom:container-muxer-webm: aa71ff27fc2769a1b78a27578f13a17b -> 
  custom:container-demuxer-webm: 4f35f7cbe854078d1ac9338744f61a02 -> 
  custom:video-encoder-webm-vp8: eb34c28f22e8b96e1ab97ce403110664 -> 
  custom:video-codec-MediaFoundation-h265: 746d11721c4dcdbdad8f713fa42b33f4 -> 
  custom:audio-encoder-webm-vorbis: bf7c407c2cedff20999df2af8eb42d56 -> 
  custom:framework-win-MediaFoundation: 216162199b28c13a410421893ffa2e32 -> 
  custom:container-demuxer-ogg: 62fdf1f143b41e24485cea50d1cbac27 -> 
  custom:video-decoder-webm-vp8: 9c59270c3fd7afecdb556c50c9e8de78 -> 
  custom:audio-decoder-ogg-vorbis: bf7c407c2cedff20999df2af8eb42d56 -> 
========================================================================
Received Prepare
Registering precompiled user dll's ...
Registered in 0.018350 seconds.
Begin MonoManager ReloadAssembly
Native extension for UWP target not found
Native extension for WindowsStandalone target not found
Refreshing native plugins compatible for Editor in 2.32 ms, found 15 plugins.
Preloading 2 native plugins for Editor in 0.20 ms.
Mono: successfully reloaded assembly
- Completed reload, in  2.598 seconds
Domain Reload Profiling:
	ReloadAssembly (2600ms)
		BeginReloadAssembly (274ms)
			ExecutionOrderSort (0ms)
			DisableScriptedObjects (7ms)
			BackupInstance (0ms)
			ReleaseScriptingObjects (0ms)
			CreateAndSetChildDomain (57ms)
		EndReloadAssembly (2136ms)
			LoadAssemblies (570ms)
			RebuildTransferFunctionScriptingTraits (0ms)
			SetupTypeCache (401ms)
			ReleaseScriptCaches (2ms)
			RebuildScriptCaches (72ms)
			SetupLoadedEditorAssemblies (986ms)
				LogAssemblyErrors (0ms)
				InitializePlatformSupportModulesInManaged (25ms)
				SetLoadedEditorAssemblies (1ms)
				RefreshPlugins (3ms)
				BeforeProcessingInitializeOnLoad (142ms)
				ProcessInitializeOnLoadAttributes (719ms)
				ProcessInitializeOnLoadMethodAttributes (83ms)
				AfterProcessingInitializeOnLoad (13ms)
				EditorAssembliesLoaded (0ms)
			ExecutionOrderSort2 (0ms)
			AwakeInstancesAfterBackupRestoration (14ms)
Platform modules already initialized, skipping
Refreshing native plugins compatible for Editor in 47.69 ms, found 15 plugins.
Preloading 2 native plugins for Editor in 0.20 ms.
Unloading 4148 Unused Serialized files (Serialized files now loaded: 0)
Unloading 63 unused Assets / (101.5 KB). Loaded Objects now: 5068.
Memory consumption went from 164.0 MB to 163.9 MB.
Total: 7.879100 ms (FindLiveObjects: 0.652800 ms CreateObjectMapping: 0.490800 ms MarkObjects: 6.541400 ms  DeleteObjects: 0.192700 ms)

AssetImportParameters requested are different than current active one (requested -> active):
  custom:video-decoder-ogg-theora: a1e56fd34408186e4bbccfd4996cb3dc -> 
  custom:container-muxer-webm: aa71ff27fc2769a1b78a27578f13a17b -> 
  custom:container-demuxer-webm: 4f35f7cbe854078d1ac9338744f61a02 -> 
  custom:video-encoder-webm-vp8: eb34c28f22e8b96e1ab97ce403110664 -> 
  custom:video-codec-MediaFoundation-h265: 746d11721c4dcdbdad8f713fa42b33f4 -> 
  custom:audio-encoder-webm-vorbis: bf7c407c2cedff20999df2af8eb42d56 -> 
  custom:framework-win-MediaFoundation: 216162199b28c13a410421893ffa2e32 -> 
  custom:container-demuxer-ogg: 62fdf1f143b41e24485cea50d1cbac27 -> 
  custom:video-decoder-webm-vp8: 9c59270c3fd7afecdb556c50c9e8de78 -> 
  custom:audio-decoder-ogg-vorbis: bf7c407c2cedff20999df2af8eb42d56 -> 
========================================================================
Received Import Request.
  Time since last request: 272.546248 seconds.
  path: Assets/Scripts/ScoreAnzeigeScript.cs
  artifactKey: Guid(a79dff83879521c4a8d741698c1be6be) Importer(815301076,1909f56bfc062723c751e8b465ee728b)
Start importing Assets/Scripts/ScoreAnzeigeScript.cs using Guid(a79dff83879521c4a8d741698c1be6be) Importer(815301076,1909f56bfc062723c751e8b465ee728b)  -> (artifact id: '1bd56b3f0144ef0f03b66cfade1d224c') in 0.011315 seconds 
========================================================================
Received Prepare
Registering precompiled user dll's ...
Registered in 0.024194 seconds.
Begin MonoManager ReloadAssembly
Native extension for UWP target not found
Native extension for WindowsStandalone target not found
Refreshing native plugins compatible for Editor in 5.74 ms, found 15 plugins.
Preloading 2 native plugins for Editor in 0.40 ms.
Mono: successfully reloaded assembly
- Completed reload, in  5.398 seconds
Domain Reload Profiling:
	ReloadAssembly (5399ms)
		BeginReloadAssembly (385ms)
			ExecutionOrderSort (0ms)
			DisableScriptedObjects (7ms)
			BackupInstance (0ms)
			ReleaseScriptingObjects (0ms)
			CreateAndSetChildDomain (86ms)
		EndReloadAssembly (4792ms)
			LoadAssemblies (358ms)
			RebuildTransferFunctionScriptingTraits (0ms)
			SetupTypeCache (601ms)
			ReleaseScriptCaches (5ms)
			RebuildScriptCaches (328ms)
			SetupLoadedEditorAssemblies (2982ms)
				LogAssemblyErrors (0ms)
				InitializePlatformSupportModulesInManaged (88ms)
				SetLoadedEditorAssemblies (4ms)
				RefreshPlugins (6ms)
				BeforeProcessingInitializeOnLoad (534ms)
				ProcessInitializeOnLoadAttributes (2015ms)
				ProcessInitializeOnLoadMethodAttributes (320ms)
				AfterProcessingInitializeOnLoad (14ms)
				EditorAssembliesLoaded (0ms)
			ExecutionOrderSort2 (0ms)
			AwakeInstancesAfterBackupRestoration (18ms)
Platform modules already initialized, skipping
Refreshing native plugins compatible for Editor in 45.17 ms, found 15 plugins.
Preloading 2 native plugins for Editor in 0.81 ms.
Unloading 4148 Unused Serialized files (Serialized files now loaded: 0)
Unloading 63 unused Assets / (101.4 KB). Loaded Objects now: 5072.
Memory consumption went from 164.0 MB to 163.9 MB.
Total: 14.059300 ms (FindLiveObjects: 0.654500 ms CreateObjectMapping: 0.658000 ms MarkObjects: 12.259200 ms  DeleteObjects: 0.485200 ms)

AssetImportParameters requested are different than current active one (requested -> active):
  custom:video-decoder-ogg-theora: a1e56fd34408186e4bbccfd4996cb3dc -> 
  custom:container-muxer-webm: aa71ff27fc2769a1b78a27578f13a17b -> 
  custom:container-demuxer-webm: 4f35f7cbe854078d1ac9338744f61a02 -> 
  custom:video-encoder-webm-vp8: eb34c28f22e8b96e1ab97ce403110664 -> 
  custom:video-codec-MediaFoundation-h265: 746d11721c4dcdbdad8f713fa42b33f4 -> 
  custom:audio-encoder-webm-vorbis: bf7c407c2cedff20999df2af8eb42d56 -> 
  custom:framework-win-MediaFoundation: 216162199b28c13a410421893ffa2e32 -> 
  custom:container-demuxer-ogg: 62fdf1f143b41e24485cea50d1cbac27 -> 
  custom:video-decoder-webm-vp8: 9c59270c3fd7afecdb556c50c9e8de78 -> 
  custom:audio-decoder-ogg-vorbis: bf7c407c2cedff20999df2af8eb42d56 -> 
========================================================================
Received Prepare
Registering precompiled user dll's ...
Registered in 0.040963 seconds.
Begin MonoManager ReloadAssembly
Native extension for UWP target not found
Native extension for WindowsStandalone target not found
Refreshing native plugins compatible for Editor in 2.18 ms, found 15 plugins.
Preloading 2 native plugins for Editor in 0.29 ms.
Mono: successfully reloaded assembly
- Completed reload, in  3.715 seconds
Domain Reload Profiling:
	ReloadAssembly (3716ms)
		BeginReloadAssembly (436ms)
			ExecutionOrderSort (0ms)
			DisableScriptedObjects (23ms)
			BackupInstance (0ms)
			ReleaseScriptingObjects (0ms)
			CreateAndSetChildDomain (113ms)
		EndReloadAssembly (2909ms)
			LoadAssemblies (342ms)
			RebuildTransferFunctionScriptingTraits (0ms)
			SetupTypeCache (685ms)
			ReleaseScriptCaches (2ms)
			RebuildScriptCaches (122ms)
			SetupLoadedEditorAssemblies (1548ms)
				LogAssemblyErrors (0ms)
				InitializePlatformSupportModulesInManaged (37ms)
				SetLoadedEditorAssemblies (1ms)
				RefreshPlugins (3ms)
				BeforeProcessingInitializeOnLoad (253ms)
				ProcessInitializeOnLoadAttributes (1089ms)
				ProcessInitializeOnLoadMethodAttributes (140ms)
				AfterProcessingInitializeOnLoad (24ms)
				EditorAssembliesLoaded (0ms)
			ExecutionOrderSort2 (0ms)
			AwakeInstancesAfterBackupRestoration (26ms)
Platform modules already initialized, skipping
Refreshing native plugins compatible for Editor in 28.27 ms, found 15 plugins.
Preloading 2 native plugins for Editor in 0.32 ms.
Unloading 4148 Unused Serialized files (Serialized files now loaded: 0)
Unloading 63 unused Assets / (101.3 KB). Loaded Objects now: 5076.
Memory consumption went from 164.0 MB to 163.9 MB.
Total: 13.738700 ms (FindLiveObjects: 0.846000 ms CreateObjectMapping: 0.996700 ms MarkObjects: 11.625400 ms  DeleteObjects: 0.267400 ms)

AssetImportParameters requested are different than current active one (requested -> active):
  custom:video-decoder-ogg-theora: a1e56fd34408186e4bbccfd4996cb3dc -> 
  custom:container-muxer-webm: aa71ff27fc2769a1b78a27578f13a17b -> 
  custom:container-demuxer-webm: 4f35f7cbe854078d1ac9338744f61a02 -> 
  custom:video-encoder-webm-vp8: eb34c28f22e8b96e1ab97ce403110664 -> 
  custom:video-codec-MediaFoundation-h265: 746d11721c4dcdbdad8f713fa42b33f4 -> 
  custom:audio-encoder-webm-vorbis: bf7c407c2cedff20999df2af8eb42d56 -> 
  custom:framework-win-MediaFoundation: 216162199b28c13a410421893ffa2e32 -> 
  custom:container-demuxer-ogg: 62fdf1f143b41e24485cea50d1cbac27 -> 
  custom:video-decoder-webm-vp8: 9c59270c3fd7afecdb556c50c9e8de78 -> 
  custom:audio-decoder-ogg-vorbis: bf7c407c2cedff20999df2af8eb42d56 -> 
========================================================================
Received Prepare
Registering precompiled user dll's ...
Registered in 0.020285 seconds.
Begin MonoManager ReloadAssembly
Native extension for UWP target not found
Native extension for WindowsStandalone target not found
Refreshing native plugins compatible for Editor in 1.42 ms, found 15 plugins.
Preloading 2 native plugins for Editor in 0.16 ms.
Mono: successfully reloaded assembly
- Completed reload, in  2.071 seconds
Domain Reload Profiling:
	ReloadAssembly (2072ms)
		BeginReloadAssembly (214ms)
			ExecutionOrderSort (0ms)
			DisableScriptedObjects (8ms)
			BackupInstance (0ms)
			ReleaseScriptingObjects (0ms)
			CreateAndSetChildDomain (54ms)
		EndReloadAssembly (1682ms)
			LoadAssemblies (170ms)
			RebuildTransferFunctionScriptingTraits (0ms)
			SetupTypeCache (378ms)
			ReleaseScriptCaches (1ms)
			RebuildScriptCaches (78ms)
			SetupLoadedEditorAssemblies (934ms)
				LogAssemblyErrors (0ms)
				InitializePlatformSupportModulesInManaged (23ms)
				SetLoadedEditorAssemblies (1ms)
				RefreshPlugins (2ms)
				BeforeProcessingInitializeOnLoad (134ms)
				ProcessInitializeOnLoadAttributes (679ms)
				ProcessInitializeOnLoadMethodAttributes (80ms)
				AfterProcessingInitializeOnLoad (16ms)
				EditorAssembliesLoaded (0ms)
			ExecutionOrderSort2 (0ms)
			AwakeInstancesAfterBackupRestoration (13ms)
Platform modules already initialized, skipping
Refreshing native plugins compatible for Editor in 18.75 ms, found 15 plugins.
Preloading 2 native plugins for Editor in 0.19 ms.
Unloading 4148 Unused Serialized files (Serialized files now loaded: 0)
Unloading 63 unused Assets / (101.5 KB). Loaded Objects now: 5080.
Memory consumption went from 164.0 MB to 163.9 MB.
Total: 6.686500 ms (FindLiveObjects: 0.532500 ms CreateObjectMapping: 0.600200 ms MarkObjects: 5.342900 ms  DeleteObjects: 0.208600 ms)

AssetImportParameters requested are different than current active one (requested -> active):
  custom:video-decoder-ogg-theora: a1e56fd34408186e4bbccfd4996cb3dc -> 
  custom:container-muxer-webm: aa71ff27fc2769a1b78a27578f13a17b -> 
  custom:container-demuxer-webm: 4f35f7cbe854078d1ac9338744f61a02 -> 
  custom:video-encoder-webm-vp8: eb34c28f22e8b96e1ab97ce403110664 -> 
  custom:video-codec-MediaFoundation-h265: 746d11721c4dcdbdad8f713fa42b33f4 -> 
  custom:audio-encoder-webm-vorbis: bf7c407c2cedff20999df2af8eb42d56 -> 
  custom:framework-win-MediaFoundation: 216162199b28c13a410421893ffa2e32 -> 
  custom:container-demuxer-ogg: 62fdf1f143b41e24485cea50d1cbac27 -> 
  custom:video-decoder-webm-vp8: 9c59270c3fd7afecdb556c50c9e8de78 -> 
  custom:audio-decoder-ogg-vorbis: bf7c407c2cedff20999df2af8eb42d56 -> 
========================================================================
Received Import Request.
  Time since last request: 1095.463850 seconds.
  path: Assets/Scenes/DartScene.unity
  artifactKey: Guid(3067f1606ca445f49a16edb0a0076180) Importer(815301076,1909f56bfc062723c751e8b465ee728b)
Start importing Assets/Scenes/DartScene.unity using Guid(3067f1606ca445f49a16edb0a0076180) Importer(815301076,1909f56bfc062723c751e8b465ee728b)  -> (artifact id: 'c97b7e7058b79cd7ac217ec7ea71f343') in 0.028689 seconds 
========================================================================
Received Import Request.
  Time since last request: 17.273066 seconds.
  path: Assets/Scenes/Level2Scene.unity
  artifactKey: Guid(c28ac9dff9fd482488593fae4b230acf) Importer(815301076,1909f56bfc062723c751e8b465ee728b)
Start importing Assets/Scenes/Level2Scene.unity using Guid(c28ac9dff9fd482488593fae4b230acf) Importer(815301076,1909f56bfc062723c751e8b465ee728b)  -> (artifact id: '3db39629213af406a21b72ab8b775da0') in 0.008898 seconds 
========================================================================
Received Import Request.
  Time since last request: 114.758516 seconds.
  path: Assets/Scenes/MenuScene.unity
  artifactKey: Guid(22a325ee83fe40e4987e997a7474617d) Importer(815301076,1909f56bfc062723c751e8b465ee728b)
Start importing Assets/Scenes/MenuScene.unity using Guid(22a325ee83fe40e4987e997a7474617d) Importer(815301076,1909f56bfc062723c751e8b465ee728b)  -> (artifact id: 'd0d71909bea9f3414141248d7d4116b8') in 0.047237 seconds 
========================================================================
Received Import Request.
  Time since last request: 24.166321 seconds.
  path: Assets/Scenes/DartScene.unity
  artifactKey: Guid(3067f1606ca445f49a16edb0a0076180) Importer(815301076,1909f56bfc062723c751e8b465ee728b)
Start importing Assets/Scenes/DartScene.unity using Guid(3067f1606ca445f49a16edb0a0076180) Importer(815301076,1909f56bfc062723c751e8b465ee728b)  -> (artifact id: '35525970938c71a40192ccab3d4521e7') in 0.007780 seconds 
========================================================================
Received Import Request.
  Time since last request: 2.942582 seconds.
  path: Assets/Scenes/Level2Scene.unity
  artifactKey: Guid(c28ac9dff9fd482488593fae4b230acf) Importer(815301076,1909f56bfc062723c751e8b465ee728b)
Start importing Assets/Scenes/Level2Scene.unity using Guid(c28ac9dff9fd482488593fae4b230acf) Importer(815301076,1909f56bfc062723c751e8b465ee728b)  -> (artifact id: '026a6e110d6d3b245ed2ac465e885deb') in 0.004687 seconds 
