Using pre-set license
Built from '2021.3/staging' branch; Version is '2021.3.4f1 (cb45f9cae8b7) revision 13321721'; Using compiler version '192829333'; Build Type 'Release'
OS: 'Windows 11  (10.0.22621) 64bit Core' Language: 'de' Physical Memory: 16167 MB
BatchMode: 1, IsHumanControllingUs: 0, StartBugReporterOnCrash: 0, Is64bit: 1, IsPro: 1

COMMAND LINE ARGUMENTS:
C:\Program Files\Unity\Hub\Editor\2021.3.4f1\Editor\Unity.exe
-adb2
-batchMode
-noUpm
-name
AssetImportWorker0
-projectPath
C:/Users/User/Desktop/Dart/ARD/Project
-logFile
Logs/AssetImportWorker0.log
-srvPort
63397
Successfully changed project path to: C:/Users/User/Desktop/Dart/ARD/Project
C:/Users/User/Desktop/Dart/ARD/Project
[UnityMemory] Configuration Parameters - Can be set up in boot.config
    "memorysetup-bucket-allocator-granularity=16"
    "memorysetup-bucket-allocator-bucket-count=8"
    "memorysetup-bucket-allocator-block-size=33554432"
    "memorysetup-bucket-allocator-block-count=8"
    "memorysetup-main-allocator-block-size=16777216"
    "memorysetup-thread-allocator-block-size=16777216"
    "memorysetup-gfx-main-allocator-block-size=16777216"
    "memorysetup-gfx-thread-allocator-block-size=16777216"
    "memorysetup-cache-allocator-block-size=4194304"
    "memorysetup-typetree-allocator-block-size=2097152"
    "memorysetup-profiler-bucket-allocator-granularity=16"
    "memorysetup-profiler-bucket-allocator-bucket-count=8"
    "memorysetup-profiler-bucket-allocator-block-size=33554432"
    "memorysetup-profiler-bucket-allocator-block-count=8"
    "memorysetup-profiler-allocator-block-size=16777216"
    "memorysetup-profiler-editor-allocator-block-size=1048576"
    "memorysetup-temp-allocator-size-main=16777216"
    "memorysetup-job-temp-allocator-block-size=2097152"
    "memorysetup-job-temp-allocator-block-size-background=1048576"
    "memorysetup-job-temp-allocator-reduction-small-platforms=262144"
    "memorysetup-temp-allocator-size-background-worker=32768"
    "memorysetup-temp-allocator-size-job-worker=262144"
    "memorysetup-temp-allocator-size-preload-manager=33554432"
    "memorysetup-temp-allocator-size-nav-mesh-worker=65536"
    "memorysetup-temp-allocator-size-audio-worker=65536"
    "memorysetup-temp-allocator-size-cloud-worker=32768"
    "memorysetup-temp-allocator-size-gi-baking-worker=262144"
    "memorysetup-temp-allocator-size-gfx=262144"
Refreshing native plugins compatible for Editor in 164.90 ms, found 15 plugins.
Preloading 2 native plugins for Editor in 10.12 ms.
Initialize engine version: 2021.3.4f1 (cb45f9cae8b7)
[Subsystems] Discovering subsystems at path C:/Program Files/Unity/Hub/Editor/2021.3.4f1/Editor/Data/Resources/UnitySubsystems
[Subsystems] Discovering subsystems at path C:/Users/User/Desktop/Dart/ARD/Project/Assets
GfxDevice: creating device client; threaded=0; jobified=0
Direct3D:
    Version:  Direct3D 11.0 [level 11.1]
    Renderer: Intel(R) Iris(R) Xe Graphics (ID=0x9a49)
    Vendor:   Intel
    VRAM:     8083 MB
    Driver:   30.0.101.1003
Initialize mono
Mono path[0] = 'C:/Program Files/Unity/Hub/Editor/2021.3.4f1/Editor/Data/Managed'
Mono path[1] = 'C:/Program Files/Unity/Hub/Editor/2021.3.4f1/Editor/Data/MonoBleedingEdge/lib/mono/unityjit-win32'
Mono config path = 'C:/Program Files/Unity/Hub/Editor/2021.3.4f1/Editor/Data/MonoBleedingEdge/etc'
Using monoOptions --debugger-agent=transport=dt_socket,embedding=1,server=y,suspend=n,address=127.0.0.1:56452
Begin MonoManager ReloadAssembly
Registering precompiled unity dll's ...
Register platform support module: C:/Program Files/Unity/Hub/Editor/2021.3.4f1/Editor/Data/PlaybackEngines/WindowsStandaloneSupport/UnityEditor.WindowsStandalone.Extensions.dll
Register platform support module: C:/Program Files/Unity/Hub/Editor/2021.3.4f1/Editor/Data/PlaybackEngines/MetroSupport/UnityEditor.UWP.Extensions.dll
Registered in 0.024417 seconds.
Native extension for UWP target not found
Native extension for WindowsStandalone target not found
Refreshing native plugins compatible for Editor in 141.29 ms, found 15 plugins.
Preloading 2 native plugins for Editor in 0.31 ms.
Mono: successfully reloaded assembly
- Completed reload, in  1.560 seconds
Domain Reload Profiling:
	ReloadAssembly (1561ms)
		BeginReloadAssembly (134ms)
			ExecutionOrderSort (0ms)
			DisableScriptedObjects (0ms)
			BackupInstance (0ms)
			ReleaseScriptingObjects (0ms)
			CreateAndSetChildDomain (1ms)
		EndReloadAssembly (1087ms)
			LoadAssemblies (133ms)
			RebuildTransferFunctionScriptingTraits (0ms)
			SetupTypeCache (342ms)
			ReleaseScriptCaches (0ms)
			RebuildScriptCaches (63ms)
			SetupLoadedEditorAssemblies (539ms)
				LogAssemblyErrors (0ms)
				InitializePlatformSupportModulesInManaged (20ms)
				SetLoadedEditorAssemblies (0ms)
				RefreshPlugins (142ms)
				BeforeProcessingInitializeOnLoad (3ms)
				ProcessInitializeOnLoadAttributes (292ms)
				ProcessInitializeOnLoadMethodAttributes (82ms)
				AfterProcessingInitializeOnLoad (0ms)
				EditorAssembliesLoaded (0ms)
			ExecutionOrderSort2 (0ms)
			AwakeInstancesAfterBackupRestoration (0ms)
Platform modules already initialized, skipping
Registering precompiled user dll's ...
Registered in 0.035132 seconds.
Begin MonoManager ReloadAssembly
Native extension for UWP target not found
Native extension for WindowsStandalone target not found
Refreshing native plugins compatible for Editor in 134.37 ms, found 15 plugins.
Preloading 2 native plugins for Editor in 0.25 ms.
Package Manager log level set to [2]
[XR] [MROpenXR][Info   ][21:00:14.671385][tid:8ab8] MeshProvider_RegisterLifecycleProvider
[XR] [MROpenXR][Info   ][21:00:14.671385][tid:8ab8] MeshProvider_RegisterLifecycleProvider
[XR] [MROpenXR][Info   ][21:00:14.671503][tid:8ab8] InputProvider_RegisterLifecycleProvider
[XR] [MROpenXR][Info   ][21:00:14.671503][tid:8ab8] InputProvider_RegisterLifecycleProvider
[XR] Error loading subsystem: Display (1) (header mismatch?)
[XR] [MROpenXR][Info   ][21:00:14.677793][tid:8ab8] OnPluginStarted UnityVersion=2021.3.4f1 OpenXRPluginVersion=1.8.0 MROpenXRPluginVersion=1.8.0.0 PartA_PrivTags=33554432
[XR] [MROpenXR][Info   ][21:00:14.677793][tid:8ab8] OnPluginStarted UnityVersion=2021.3.4f1 OpenXRPluginVersion=1.8.0 MROpenXRPluginVersion=1.8.0.0 PartA_PrivTags=33554432
Mono: successfully reloaded assembly
- Completed reload, in  2.378 seconds
Domain Reload Profiling:
	ReloadAssembly (2380ms)
		BeginReloadAssembly (194ms)
			ExecutionOrderSort (0ms)
			DisableScriptedObjects (9ms)
			BackupInstance (0ms)
			ReleaseScriptingObjects (0ms)
			CreateAndSetChildDomain (31ms)
		EndReloadAssembly (2022ms)
			LoadAssemblies (183ms)
			RebuildTransferFunctionScriptingTraits (0ms)
			SetupTypeCache (560ms)
			ReleaseScriptCaches (1ms)
			RebuildScriptCaches (117ms)
			SetupLoadedEditorAssemblies (1081ms)
				LogAssemblyErrors (0ms)
				InitializePlatformSupportModulesInManaged (17ms)
				SetLoadedEditorAssemblies (0ms)
				RefreshPlugins (135ms)
				BeforeProcessingInitializeOnLoad (171ms)
				ProcessInitializeOnLoadAttributes (620ms)
				ProcessInitializeOnLoadMethodAttributes (125ms)
				AfterProcessingInitializeOnLoad (13ms)
				EditorAssembliesLoaded (1ms)
			ExecutionOrderSort2 (0ms)
			AwakeInstancesAfterBackupRestoration (11ms)
Platform modules already initialized, skipping
========================================================================
Worker process is ready to serve import requests
Launched and connected shader compiler UnityShaderCompiler.exe after 0.11 seconds
Refreshing native plugins compatible for Editor in 2.21 ms, found 15 plugins.
Preloading 2 native plugins for Editor in 0.23 ms.
Unloading 4270 Unused Serialized files (Serialized files now loaded: 0)
Unloading 73 unused Assets / (135.3 KB). Loaded Objects now: 5070.
Memory consumption went from 174.6 MB to 174.5 MB.
Total: 5.227300 ms (FindLiveObjects: 0.516100 ms CreateObjectMapping: 0.485900 ms MarkObjects: 3.888100 ms  DeleteObjects: 0.333900 ms)

AssetImportParameters requested are different than current active one (requested -> active):
  custom:video-decoder-ogg-theora: a1e56fd34408186e4bbccfd4996cb3dc -> 
  custom:container-muxer-webm: aa71ff27fc2769a1b78a27578f13a17b -> 
  custom:container-demuxer-webm: 4f35f7cbe854078d1ac9338744f61a02 -> 
  custom:video-encoder-webm-vp8: eb34c28f22e8b96e1ab97ce403110664 -> 
  custom:video-codec-MediaFoundation-h265: 746d11721c4dcdbdad8f713fa42b33f4 -> 
  custom:audio-encoder-webm-vorbis: bf7c407c2cedff20999df2af8eb42d56 -> 
  custom:framework-win-MediaFoundation: 216162199b28c13a410421893ffa2e32 -> 
  custom:container-demuxer-ogg: 62fdf1f143b41e24485cea50d1cbac27 -> 
  custom:video-decoder-webm-vp8: 9c59270c3fd7afecdb556c50c9e8de78 -> 
  custom:audio-decoder-ogg-vorbis: bf7c407c2cedff20999df2af8eb42d56 -> 
========================================================================
Received Import Request.
  Time since last request: 722334.178172 seconds.
  path: Assets/Scenes/Level5RandomFelderPunkteScene.unity
  artifactKey: Guid(f11816aa8579cd042b56eac49a2c6af2) Importer(815301076,1909f56bfc062723c751e8b465ee728b)
Start importing Assets/Scenes/Level5RandomFelderPunkteScene.unity using Guid(f11816aa8579cd042b56eac49a2c6af2) Importer(815301076,1909f56bfc062723c751e8b465ee728b)  -> (artifact id: 'db09fb9dcfc5ffc259b53c6d8bcfe4c8') in 0.015456 seconds 
========================================================================
Received Import Request.
  Time since last request: 0.000037 seconds.
  path: Assets/Scenes/Level3RandomFelderScene.unity
  artifactKey: Guid(f6d922b6e101a5b43920eba5da616a85) Importer(815301076,1909f56bfc062723c751e8b465ee728b)
Start importing Assets/Scenes/Level3RandomFelderScene.unity using Guid(f6d922b6e101a5b43920eba5da616a85) Importer(815301076,1909f56bfc062723c751e8b465ee728b)  -> (artifact id: '36adead7b5e2f786803e36da5deabf18') in 0.002945 seconds 
========================================================================
Received Prepare
Registering precompiled user dll's ...
Registered in 0.011982 seconds.
Begin MonoManager ReloadAssembly
Native extension for UWP target not found
Native extension for WindowsStandalone target not found
Refreshing native plugins compatible for Editor in 1.05 ms, found 15 plugins.
Preloading 2 native plugins for Editor in 0.11 ms.
Mono: successfully reloaded assembly
- Completed reload, in  1.185 seconds
Domain Reload Profiling:
	ReloadAssembly (1185ms)
		BeginReloadAssembly (130ms)
			ExecutionOrderSort (0ms)
			DisableScriptedObjects (5ms)
			BackupInstance (0ms)
			ReleaseScriptingObjects (0ms)
			CreateAndSetChildDomain (41ms)
		EndReloadAssembly (967ms)
			LoadAssemblies (99ms)
			RebuildTransferFunctionScriptingTraits (0ms)
			SetupTypeCache (236ms)
			ReleaseScriptCaches (2ms)
			RebuildScriptCaches (48ms)
			SetupLoadedEditorAssemblies (494ms)
				LogAssemblyErrors (0ms)
				InitializePlatformSupportModulesInManaged (11ms)
				SetLoadedEditorAssemblies (0ms)
				RefreshPlugins (1ms)
				BeforeProcessingInitializeOnLoad (74ms)
				ProcessInitializeOnLoadAttributes (347ms)
				ProcessInitializeOnLoadMethodAttributes (54ms)
				AfterProcessingInitializeOnLoad (6ms)
				EditorAssembliesLoaded (0ms)
			ExecutionOrderSort2 (0ms)
			AwakeInstancesAfterBackupRestoration (10ms)
Platform modules already initialized, skipping
Refreshing native plugins compatible for Editor in 12.61 ms, found 15 plugins.
Preloading 2 native plugins for Editor in 0.17 ms.
Unloading 4161 Unused Serialized files (Serialized files now loaded: 0)
Unloading 63 unused Assets / (101.8 KB). Loaded Objects now: 5074.
Memory consumption went from 165.4 MB to 165.3 MB.
Total: 4.591600 ms (FindLiveObjects: 0.312700 ms CreateObjectMapping: 0.206300 ms MarkObjects: 3.883700 ms  DeleteObjects: 0.186700 ms)

AssetImportParameters requested are different than current active one (requested -> active):
  custom:video-decoder-ogg-theora: a1e56fd34408186e4bbccfd4996cb3dc -> 
  custom:container-muxer-webm: aa71ff27fc2769a1b78a27578f13a17b -> 
  custom:container-demuxer-webm: 4f35f7cbe854078d1ac9338744f61a02 -> 
  custom:video-encoder-webm-vp8: eb34c28f22e8b96e1ab97ce403110664 -> 
  custom:video-codec-MediaFoundation-h265: 746d11721c4dcdbdad8f713fa42b33f4 -> 
  custom:audio-encoder-webm-vorbis: bf7c407c2cedff20999df2af8eb42d56 -> 
  custom:framework-win-MediaFoundation: 216162199b28c13a410421893ffa2e32 -> 
  custom:container-demuxer-ogg: 62fdf1f143b41e24485cea50d1cbac27 -> 
  custom:video-decoder-webm-vp8: 9c59270c3fd7afecdb556c50c9e8de78 -> 
  custom:audio-decoder-ogg-vorbis: bf7c407c2cedff20999df2af8eb42d56 -> 
========================================================================
Received Import Request.
  Time since last request: 90.145680 seconds.
  path: Assets/Scripts/Level5ButtonScript.cs
  artifactKey: Guid(1dd48a354282453458e05424fea7257f) Importer(815301076,1909f56bfc062723c751e8b465ee728b)
Start importing Assets/Scripts/Level5ButtonScript.cs using Guid(1dd48a354282453458e05424fea7257f) Importer(815301076,1909f56bfc062723c751e8b465ee728b)  -> (artifact id: 'd815a0c9be57be8ffc9fa66d00b01c8d') in 0.031150 seconds 
========================================================================
Received Import Request.
  Time since last request: 13.912956 seconds.
  path: Assets/XR/Settings/OpenXR Package Settings.asset
  artifactKey: Guid(4bad434f18d959443b41b275abe8b289) Importer(815301076,1909f56bfc062723c751e8b465ee728b)
Start importing Assets/XR/Settings/OpenXR Package Settings.asset using Guid(4bad434f18d959443b41b275abe8b289) Importer(815301076,1909f56bfc062723c751e8b465ee728b)  -> (artifact id: 'a3ea0134614173efc2c8b641ee9e3a07') in 0.052864 seconds 
========================================================================
Received Import Request.
  Time since last request: 0.000056 seconds.
  path: Assets/SamplesResources/AugmentationAssets/Models/Astronaut.FBX
  artifactKey: Guid(c6045ffd0db911d418ecf014e1fbd650) Importer(815301076,1909f56bfc062723c751e8b465ee728b)
Start importing Assets/SamplesResources/AugmentationAssets/Models/Astronaut.FBX using Guid(c6045ffd0db911d418ecf014e1fbd650) Importer(815301076,1909f56bfc062723c751e8b465ee728b)  -> (artifact id: 'e4c2ff680171a585ca728c5b9d04f4d6') in 0.229036 seconds 
========================================================================
Received Import Request.
  Time since last request: 9.273368 seconds.
  path: Packages/com.microsoft.mixedreality.toolkit.foundation/SDK/Features/UX/Interactable/Prefabs/PressableButtonHoloLens2.prefab
  artifactKey: Guid(3f1f46cbecbe08e46a303ccfdb5b498a) Importer(815301076,1909f56bfc062723c751e8b465ee728b)
Start importing Packages/com.microsoft.mixedreality.toolkit.foundation/SDK/Features/UX/Interactable/Prefabs/PressableButtonHoloLens2.prefab using Guid(3f1f46cbecbe08e46a303ccfdb5b498a) Importer(815301076,1909f56bfc062723c751e8b465ee728b)  -> (artifact id: '68e8b16d654a86ea15dde8e3ef71049e') in 0.182361 seconds 
========================================================================
Received Import Request.
  Time since last request: 0.000037 seconds.
  path: Packages/com.microsoft.mixedreality.toolkit.foundation/SDK/Features/UX/Interactable/Prefabs/PressableButtonHoloLens2Circular_48x48.prefab
  artifactKey: Guid(2ba5d9246f2c88f48a938fa66e6d3eef) Importer(815301076,1909f56bfc062723c751e8b465ee728b)
Start importing Packages/com.microsoft.mixedreality.toolkit.foundation/SDK/Features/UX/Interactable/Prefabs/PressableButtonHoloLens2Circular_48x48.prefab using Guid(2ba5d9246f2c88f48a938fa66e6d3eef) Importer(815301076,1909f56bfc062723c751e8b465ee728b)  -> (artifact id: 'a0c746685681f5c7ff622794c49d98a9') in 0.067300 seconds 
========================================================================
Received Import Request.
  Time since last request: 0.000074 seconds.
  path: Packages/com.microsoft.mixedreality.toolkit.foundation/SDK/Features/UX/Interactable/Prefabs/PressableButtonHoloLens2Bar5H.prefab
  artifactKey: Guid(a0fcbf4c54a45dd46b279c4cb162b917) Importer(815301076,1909f56bfc062723c751e8b465ee728b)
Start importing Packages/com.microsoft.mixedreality.toolkit.foundation/SDK/Features/UX/Interactable/Prefabs/PressableButtonHoloLens2Bar5H.prefab using Guid(a0fcbf4c54a45dd46b279c4cb162b917) Importer(815301076,1909f56bfc062723c751e8b465ee728b)  -> (artifact id: '73ad5d97a63643f32690ee407a5333fd') in 0.097046 seconds 
========================================================================
Received Import Request.
  Time since last request: 0.000030 seconds.
  path: Packages/com.microsoft.mixedreality.toolkit.foundation/SDK/Features/UX/Interactable/Prefabs/PressableButtonHoloLens2ToggleDwell.prefab
  artifactKey: Guid(005e88c8b4bdc854fa6deb50b78a6001) Importer(815301076,1909f56bfc062723c751e8b465ee728b)
Start importing Packages/com.microsoft.mixedreality.toolkit.foundation/SDK/Features/UX/Interactable/Prefabs/PressableButtonHoloLens2ToggleDwell.prefab using Guid(005e88c8b4bdc854fa6deb50b78a6001) Importer(815301076,1909f56bfc062723c751e8b465ee728b)  -> (artifact id: '86f2b5d75380aa7396e596ce7c5ede8c') in 0.081842 seconds 
========================================================================
Received Import Request.
  Time since last request: 0.000043 seconds.
  path: Packages/com.microsoft.mixedreality.toolkit.foundation/SDK/Features/UX/Interactable/Prefabs/PressableButtonHoloLens2TextOnly4Lines_48x96.prefab
  artifactKey: Guid(8e9607bc5dcaf684db874e9b032d5d89) Importer(815301076,1909f56bfc062723c751e8b465ee728b)
Start importing Packages/com.microsoft.mixedreality.toolkit.foundation/SDK/Features/UX/Interactable/Prefabs/PressableButtonHoloLens2TextOnly4Lines_48x96.prefab using Guid(8e9607bc5dcaf684db874e9b032d5d89) Importer(815301076,1909f56bfc062723c751e8b465ee728b)  -> (artifact id: '0b2d8b710820fc8eb0774365d5b81b19') in 0.061262 seconds 
========================================================================
Received Import Request.
  Time since last request: 0.000035 seconds.
  path: Packages/com.microsoft.mixedreality.toolkit.foundation/SDK/Features/UX/Interactable/Prefabs/PressableButtonHoloLens2ToggleCheckBox_32x32.prefab
  artifactKey: Guid(73f8e1c35082a4d45827891d41219a18) Importer(815301076,1909f56bfc062723c751e8b465ee728b)
Start importing Packages/com.microsoft.mixedreality.toolkit.foundation/SDK/Features/UX/Interactable/Prefabs/PressableButtonHoloLens2ToggleCheckBox_32x32.prefab using Guid(73f8e1c35082a4d45827891d41219a18) Importer(815301076,1909f56bfc062723c751e8b465ee728b)  -> (artifact id: 'e3be879740022d1312e18b8ae82b8843') in 0.072253 seconds 
========================================================================
Received Import Request.
  Time since last request: 0.000036 seconds.
  path: Packages/com.microsoft.mixedreality.toolkit.foundation/SDK/Features/UX/Interactable/Prefabs/PressableButtonHoloLens2_Dwell.prefab
  artifactKey: Guid(343baf424cf9521478e8c308bc456039) Importer(815301076,1909f56bfc062723c751e8b465ee728b)
Start importing Packages/com.microsoft.mixedreality.toolkit.foundation/SDK/Features/UX/Interactable/Prefabs/PressableButtonHoloLens2_Dwell.prefab using Guid(343baf424cf9521478e8c308bc456039) Importer(815301076,1909f56bfc062723c751e8b465ee728b)  -> (artifact id: '9ca9510ccad4c934aa1e9f818ea80d9f') in 0.094268 seconds 
========================================================================
Received Import Request.
  Time since last request: 0.000032 seconds.
  path: Packages/com.microsoft.mixedreality.toolkit.foundation/SDK/Features/UX/Interactable/Prefabs/PressableButtonHoloLens2ToggleRadio_32x96.prefab
  artifactKey: Guid(963058749caf8b4419fbe17c440aaafa) Importer(815301076,1909f56bfc062723c751e8b465ee728b)
Start importing Packages/com.microsoft.mixedreality.toolkit.foundation/SDK/Features/UX/Interactable/Prefabs/PressableButtonHoloLens2ToggleRadio_32x96.prefab using Guid(963058749caf8b4419fbe17c440aaafa) Importer(815301076,1909f56bfc062723c751e8b465ee728b)  -> (artifact id: '921f362ed0288ee9d50e160cee08f10b') in 0.141061 seconds 
========================================================================
Received Import Request.
  Time since last request: 0.000039 seconds.
  path: Packages/com.microsoft.mixedreality.toolkit.foundation/SDK/Features/UX/Interactable/Prefabs/PressableButtonHoloLens2ToggleRadio_32x32.prefab
  artifactKey: Guid(85e78809c1c721c45b5759bb71ddf4d2) Importer(815301076,1909f56bfc062723c751e8b465ee728b)
Start importing Packages/com.microsoft.mixedreality.toolkit.foundation/SDK/Features/UX/Interactable/Prefabs/PressableButtonHoloLens2ToggleRadio_32x32.prefab using Guid(85e78809c1c721c45b5759bb71ddf4d2) Importer(815301076,1909f56bfc062723c751e8b465ee728b)  -> (artifact id: '59446e981bd770e064546a10024188c8') in 0.105934 seconds 
========================================================================
Received Import Request.
  Time since last request: 0.000049 seconds.
  path: Packages/com.microsoft.mixedreality.toolkit.foundation/SDK/Features/UX/Interactable/Prefabs/PressableButtonHoloLens2TextOnly_48x48.prefab
  artifactKey: Guid(daa0726e9f4321044bc455f2849304f1) Importer(815301076,1909f56bfc062723c751e8b465ee728b)
Start importing Packages/com.microsoft.mixedreality.toolkit.foundation/SDK/Features/UX/Interactable/Prefabs/PressableButtonHoloLens2TextOnly_48x48.prefab using Guid(daa0726e9f4321044bc455f2849304f1) Importer(815301076,1909f56bfc062723c751e8b465ee728b)  -> (artifact id: '3ebb22ef7c90cbe676edd1139c688ed6') in 0.085078 seconds 
========================================================================
Received Import Request.
  Time since last request: 0.000034 seconds.
  path: Packages/com.microsoft.mixedreality.toolkit.foundation/SDK/Features/UX/Interactable/Prefabs/PressableButtonHoloLens2ToggleSwitch_32x32.prefab
  artifactKey: Guid(8d9a1a91bd8236b49be2be0a78fcf5e6) Importer(815301076,1909f56bfc062723c751e8b465ee728b)
Start importing Packages/com.microsoft.mixedreality.toolkit.foundation/SDK/Features/UX/Interactable/Prefabs/PressableButtonHoloLens2ToggleSwitch_32x32.prefab using Guid(8d9a1a91bd8236b49be2be0a78fcf5e6) Importer(815301076,1909f56bfc062723c751e8b465ee728b)  -> (artifact id: '88135814f0baec9cf32ecb690a38916f') in 0.090378 seconds 
========================================================================
Received Import Request.
  Time since last request: 0.000037 seconds.
  path: Packages/com.microsoft.mixedreality.toolkit.foundation/SDK/Features/UX/Interactable/Prefabs/PressableButtonHoloLens2TextOnly2Lines_48x96.prefab
  artifactKey: Guid(2b24e62044768b647ba4ca47188454a9) Importer(815301076,1909f56bfc062723c751e8b465ee728b)
Start importing Packages/com.microsoft.mixedreality.toolkit.foundation/SDK/Features/UX/Interactable/Prefabs/PressableButtonHoloLens2TextOnly2Lines_48x96.prefab using Guid(2b24e62044768b647ba4ca47188454a9) Importer(815301076,1909f56bfc062723c751e8b465ee728b)  -> (artifact id: '67ec49470714c1590b8bbab3a8d3c95d') in 0.071000 seconds 
========================================================================
Received Import Request.
  Time since last request: 0.000044 seconds.
  path: Packages/com.microsoft.mixedreality.toolkit.foundation/SDK/Features/UX/Interactable/Prefabs/PressableButtonHoloLens2TextOnlyNumber_48x48.prefab
  artifactKey: Guid(33a8bc5dbea86e34583d3c38840a822d) Importer(815301076,1909f56bfc062723c751e8b465ee728b)
Start importing Packages/com.microsoft.mixedreality.toolkit.foundation/SDK/Features/UX/Interactable/Prefabs/PressableButtonHoloLens2TextOnlyNumber_48x48.prefab using Guid(33a8bc5dbea86e34583d3c38840a822d) Importer(815301076,1909f56bfc062723c751e8b465ee728b)  -> (artifact id: '08237c76fb3ef73ffb713bada6f223d3') in 0.085881 seconds 
========================================================================
Received Import Request.
  Time since last request: 0.000029 seconds.
  path: Packages/com.microsoft.mixedreality.toolkit.foundation/SDK/Features/UX/Interactable/Prefabs/PressableButtonHoloLens2_56x56.prefab
  artifactKey: Guid(4e7abe5a6db0abc43be532eead7ba806) Importer(815301076,1909f56bfc062723c751e8b465ee728b)
Start importing Packages/com.microsoft.mixedreality.toolkit.foundation/SDK/Features/UX/Interactable/Prefabs/PressableButtonHoloLens2_56x56.prefab using Guid(4e7abe5a6db0abc43be532eead7ba806) Importer(815301076,1909f56bfc062723c751e8b465ee728b)  -> (artifact id: '5fafee67513c18ae374744f2d3234fcc') in 0.071641 seconds 
========================================================================
Received Import Request.
  Time since last request: 0.000032 seconds.
  path: Packages/com.microsoft.mixedreality.toolkit.foundation/SDK/Features/UX/Interactable/Prefabs/PressableButtonHoloLens2Circular_32x32.prefab
  artifactKey: Guid(e1e3746d5067a614683084937319e0ba) Importer(815301076,1909f56bfc062723c751e8b465ee728b)
Start importing Packages/com.microsoft.mixedreality.toolkit.foundation/SDK/Features/UX/Interactable/Prefabs/PressableButtonHoloLens2Circular_32x32.prefab using Guid(e1e3746d5067a614683084937319e0ba) Importer(815301076,1909f56bfc062723c751e8b465ee728b)  -> (artifact id: 'e477fc3707669555cab2f4f063d4f64c') in 0.081685 seconds 
========================================================================
Received Import Request.
  Time since last request: 0.000037 seconds.
  path: Packages/com.microsoft.mixedreality.toolkit.foundation/SDK/Features/UX/Interactable/Prefabs/PressableButtonHoloLens2Toggle_48x48.prefab
  artifactKey: Guid(a267c8ffefec686408a56791a454d299) Importer(815301076,1909f56bfc062723c751e8b465ee728b)
Start importing Packages/com.microsoft.mixedreality.toolkit.foundation/SDK/Features/UX/Interactable/Prefabs/PressableButtonHoloLens2Toggle_48x48.prefab using Guid(a267c8ffefec686408a56791a454d299) Importer(815301076,1909f56bfc062723c751e8b465ee728b)  -> (artifact id: 'd07022c261fdac6fc601e7b7b0efece7') in 0.115128 seconds 
========================================================================
Received Import Request.
  Time since last request: 20.109144 seconds.
  path: Packages/com.microsoft.mixedreality.toolkit.foundation/SDK/Features/UX/Interactable/Prefabs/PressableButtonHoloLens2ToggleSwitch_32x96.prefab
  artifactKey: Guid(f1dfa3ff1f171964fa0717ff4d0131cb) Importer(815301076,1909f56bfc062723c751e8b465ee728b)
Start importing Packages/com.microsoft.mixedreality.toolkit.foundation/SDK/Features/UX/Interactable/Prefabs/PressableButtonHoloLens2ToggleSwitch_32x96.prefab using Guid(f1dfa3ff1f171964fa0717ff4d0131cb) Importer(815301076,1909f56bfc062723c751e8b465ee728b)  -> (artifact id: '2da510cc1ae5c7056e6c7dcb79a6bcf0') in 0.112907 seconds 
========================================================================
Received Import Request.
  Time since last request: 727.452936 seconds.
  path: Assets/Materials/MenüOrange.mat
  artifactKey: Guid(00184e016ec8ee4448803500290da1d2) Importer(815301076,1909f56bfc062723c751e8b465ee728b)
Start importing Assets/Materials/MenüOrange.mat using Guid(00184e016ec8ee4448803500290da1d2) Importer(815301076,1909f56bfc062723c751e8b465ee728b)  -> (artifact id: '5928a9ae88233d3c138471ff29b36ff4') in 0.051681 seconds 
