Using pre-set license
Built from '2021.3/staging' branch; Version is '2021.3.4f1 (cb45f9cae8b7) revision 13321721'; Using compiler version '192829333'; Build Type 'Release'
OS: 'Windows 11  (10.0.22621) 64bit Core' Language: 'de' Physical Memory: 15931 MB
BatchMode: 1, IsHumanControllingUs: 0, StartBugReporterOnCrash: 0, Is64bit: 1, IsPro: 1

COMMAND LINE ARGUMENTS:
C:\Program Files\Unity\Hub\Editor\2021.3.4f1\Editor\Unity.exe
-adb2
-batchMode
-noUpm
-name
AssetImportWorker1
-projectPath
C:/Users/joshu/OneDrive/Desktop/Dart/ARD/Project
-logFile
Logs/AssetImportWorker1.log
-srvPort
59386
Successfully changed project path to: C:/Users/joshu/OneDrive/Desktop/Dart/ARD/Project
C:/Users/joshu/OneDrive/Desktop/Dart/ARD/Project
[UnityMemory] Configuration Parameters - Can be set up in boot.config
    "memorysetup-bucket-allocator-granularity=16"
    "memorysetup-bucket-allocator-bucket-count=8"
    "memorysetup-bucket-allocator-block-size=33554432"
    "memorysetup-bucket-allocator-block-count=8"
    "memorysetup-main-allocator-block-size=16777216"
    "memorysetup-thread-allocator-block-size=16777216"
    "memorysetup-gfx-main-allocator-block-size=16777216"
    "memorysetup-gfx-thread-allocator-block-size=16777216"
    "memorysetup-cache-allocator-block-size=4194304"
    "memorysetup-typetree-allocator-block-size=2097152"
    "memorysetup-profiler-bucket-allocator-granularity=16"
    "memorysetup-profiler-bucket-allocator-bucket-count=8"
    "memorysetup-profiler-bucket-allocator-block-size=33554432"
    "memorysetup-profiler-bucket-allocator-block-count=8"
    "memorysetup-profiler-allocator-block-size=16777216"
    "memorysetup-profiler-editor-allocator-block-size=1048576"
    "memorysetup-temp-allocator-size-main=16777216"
    "memorysetup-job-temp-allocator-block-size=2097152"
    "memorysetup-job-temp-allocator-block-size-background=1048576"
    "memorysetup-job-temp-allocator-reduction-small-platforms=262144"
    "memorysetup-temp-allocator-size-background-worker=32768"
    "memorysetup-temp-allocator-size-job-worker=262144"
    "memorysetup-temp-allocator-size-preload-manager=33554432"
    "memorysetup-temp-allocator-size-nav-mesh-worker=65536"
    "memorysetup-temp-allocator-size-audio-worker=65536"
    "memorysetup-temp-allocator-size-cloud-worker=32768"
    "memorysetup-temp-allocator-size-gi-baking-worker=262144"
    "memorysetup-temp-allocator-size-gfx=262144"
Refreshing native plugins compatible for Editor in 117.24 ms, found 15 plugins.
Preloading 2 native plugins for Editor in 4.12 ms.
Initialize engine version: 2021.3.4f1 (cb45f9cae8b7)
[Subsystems] Discovering subsystems at path C:/Program Files/Unity/Hub/Editor/2021.3.4f1/Editor/Data/Resources/UnitySubsystems
[Subsystems] Discovering subsystems at path C:/Users/joshu/OneDrive/Desktop/Dart/ARD/Project/Assets
GfxDevice: creating device client; threaded=0; jobified=0
Direct3D:
    Version:  Direct3D 11.0 [level 11.1]
    Renderer: NVIDIA GeForce MX450 (ID=0x1f97)
    Vendor:   NVIDIA
    VRAM:     1920 MB
    Driver:   31.0.15.2783
Initialize mono
Mono path[0] = 'C:/Program Files/Unity/Hub/Editor/2021.3.4f1/Editor/Data/Managed'
Mono path[1] = 'C:/Program Files/Unity/Hub/Editor/2021.3.4f1/Editor/Data/MonoBleedingEdge/lib/mono/unityjit-win32'
Mono config path = 'C:/Program Files/Unity/Hub/Editor/2021.3.4f1/Editor/Data/MonoBleedingEdge/etc'
Using monoOptions --debugger-agent=transport=dt_socket,embedding=1,server=y,suspend=n,address=127.0.0.1:56820
Begin MonoManager ReloadAssembly
Registering precompiled unity dll's ...
Register platform support module: C:/Program Files/Unity/Hub/Editor/2021.3.4f1/Editor/Data/PlaybackEngines/WindowsStandaloneSupport/UnityEditor.WindowsStandalone.Extensions.dll
Register platform support module: C:/Program Files/Unity/Hub/Editor/2021.3.4f1/Editor/Data/PlaybackEngines/MetroSupport/UnityEditor.UWP.Extensions.dll
Registered in 0.007605 seconds.
Native extension for UWP target not found
Native extension for WindowsStandalone target not found
Refreshing native plugins compatible for Editor in 102.12 ms, found 15 plugins.
Preloading 2 native plugins for Editor in 0.22 ms.
Mono: successfully reloaded assembly
- Completed reload, in  0.972 seconds
Domain Reload Profiling:
	ReloadAssembly (973ms)
		BeginReloadAssembly (112ms)
			ExecutionOrderSort (0ms)
			DisableScriptedObjects (0ms)
			BackupInstance (0ms)
			ReleaseScriptingObjects (0ms)
			CreateAndSetChildDomain (1ms)
		EndReloadAssembly (677ms)
			LoadAssemblies (108ms)
			RebuildTransferFunctionScriptingTraits (0ms)
			SetupTypeCache (168ms)
			ReleaseScriptCaches (0ms)
			RebuildScriptCaches (38ms)
			SetupLoadedEditorAssemblies (390ms)
				LogAssemblyErrors (0ms)
				InitializePlatformSupportModulesInManaged (13ms)
				SetLoadedEditorAssemblies (0ms)
				RefreshPlugins (103ms)
				BeforeProcessingInitializeOnLoad (2ms)
				ProcessInitializeOnLoadAttributes (204ms)
				ProcessInitializeOnLoadMethodAttributes (67ms)
				AfterProcessingInitializeOnLoad (0ms)
				EditorAssembliesLoaded (0ms)
			ExecutionOrderSort2 (0ms)
			AwakeInstancesAfterBackupRestoration (0ms)
Platform modules already initialized, skipping
Registering precompiled user dll's ...
Registered in 0.017424 seconds.
Begin MonoManager ReloadAssembly
Native extension for UWP target not found
Native extension for WindowsStandalone target not found
Refreshing native plugins compatible for Editor in 105.02 ms, found 15 plugins.
Preloading 2 native plugins for Editor in 0.50 ms.
Package Manager log level set to [2]
[XR] [MROpenXR][Info   ][14:42:54.443019][tid:4490] MeshProvider_RegisterLifecycleProvider
[XR] [MROpenXR][Info   ][14:42:54.443019][tid:4490] MeshProvider_RegisterLifecycleProvider
[XR] [MROpenXR][Info   ][14:42:54.443127][tid:4490] InputProvider_RegisterLifecycleProvider
[XR] [MROpenXR][Info   ][14:42:54.443127][tid:4490] InputProvider_RegisterLifecycleProvider
[XR] Error loading subsystem: Display (1) (header mismatch?)
[XR] [MROpenXR][Info   ][14:42:54.446016][tid:4490] OnPluginStarted UnityVersion=2021.3.4f1 OpenXRPluginVersion=1.7.0 MROpenXRPluginVersion=1.8.0.0 PartA_PrivTags=33554432
[XR] [MROpenXR][Info   ][14:42:54.446016][tid:4490] OnPluginStarted UnityVersion=2021.3.4f1 OpenXRPluginVersion=1.7.0 MROpenXRPluginVersion=1.8.0.0 PartA_PrivTags=33554432
Mono: successfully reloaded assembly
- Completed reload, in  2.038 seconds
Domain Reload Profiling:
	ReloadAssembly (2040ms)
		BeginReloadAssembly (167ms)
			ExecutionOrderSort (0ms)
			DisableScriptedObjects (9ms)
			BackupInstance (0ms)
			ReleaseScriptingObjects (0ms)
			CreateAndSetChildDomain (33ms)
		EndReloadAssembly (1716ms)
			LoadAssemblies (138ms)
			RebuildTransferFunctionScriptingTraits (0ms)
			SetupTypeCache (399ms)
			ReleaseScriptCaches (2ms)
			RebuildScriptCaches (136ms)
			SetupLoadedEditorAssemblies (956ms)
				LogAssemblyErrors (0ms)
				InitializePlatformSupportModulesInManaged (18ms)
				SetLoadedEditorAssemblies (0ms)
				RefreshPlugins (106ms)
				BeforeProcessingInitializeOnLoad (162ms)
				ProcessInitializeOnLoadAttributes (561ms)
				ProcessInitializeOnLoadMethodAttributes (98ms)
				AfterProcessingInitializeOnLoad (11ms)
				EditorAssembliesLoaded (1ms)
			ExecutionOrderSort2 (0ms)
			AwakeInstancesAfterBackupRestoration (12ms)
Platform modules already initialized, skipping
========================================================================
Worker process is ready to serve import requests
Launched and connected shader compiler UnityShaderCompiler.exe after 0.06 seconds
Refreshing native plugins compatible for Editor in 1.65 ms, found 15 plugins.
Preloading 2 native plugins for Editor in 0.16 ms.
Unloading 4236 Unused Serialized files (Serialized files now loaded: 0)
Unloading 68 unused Assets / (134.6 KB). Loaded Objects now: 5025.
Memory consumption went from 171.5 MB to 171.3 MB.
Total: 5.639900 ms (FindLiveObjects: 0.704800 ms CreateObjectMapping: 0.943000 ms MarkObjects: 3.790500 ms  DeleteObjects: 0.199000 ms)

AssetImportParameters requested are different than current active one (requested -> active):
  custom:video-decoder-ogg-theora: a1e56fd34408186e4bbccfd4996cb3dc -> 
  custom:container-muxer-webm: aa71ff27fc2769a1b78a27578f13a17b -> 
  custom:container-demuxer-webm: 4f35f7cbe854078d1ac9338744f61a02 -> 
  custom:video-encoder-webm-vp8: eb34c28f22e8b96e1ab97ce403110664 -> 
  custom:video-codec-MediaFoundation-h265: 746d11721c4dcdbdad8f713fa42b33f4 -> 
  custom:audio-encoder-webm-vorbis: bf7c407c2cedff20999df2af8eb42d56 -> 
  custom:framework-win-MediaFoundation: 216162199b28c13a410421893ffa2e32 -> 
  custom:container-demuxer-ogg: 62fdf1f143b41e24485cea50d1cbac27 -> 
  custom:video-decoder-webm-vp8: 9c59270c3fd7afecdb556c50c9e8de78 -> 
  custom:audio-decoder-ogg-vorbis: bf7c407c2cedff20999df2af8eb42d56 -> 
========================================================================
Received Import Request.
  Time since last request: 611945.519776 seconds.
  path: Assets/Formen/Halbkreis.Pp.blend
  artifactKey: Guid(f85e8c9ac90e399408262d94d7b1d3f1) Importer(815301076,1909f56bfc062723c751e8b465ee728b)
Start importing Assets/Formen/Halbkreis.Pp.blend using Guid(f85e8c9ac90e399408262d94d7b1d3f1) Importer(815301076,1909f56bfc062723c751e8b465ee728b)  -> (artifact id: '3ace8c8e5ba422dcd02b619c166aa217') in 0.223210 seconds 
========================================================================
Received Import Request.
  Time since last request: 0.000035 seconds.
  path: Assets/Formen/Dreieck-kl..blend
  artifactKey: Guid(51a400a329b1bcd4495fb1b23c3984fe) Importer(815301076,1909f56bfc062723c751e8b465ee728b)
Start importing Assets/Formen/Dreieck-kl..blend using Guid(51a400a329b1bcd4495fb1b23c3984fe) Importer(815301076,1909f56bfc062723c751e8b465ee728b)  -> (artifact id: 'b234967f7d417f7a60bbe3ed915ab290') in 0.041168 seconds 
========================================================================
Received Import Request.
  Time since last request: 0.000048 seconds.
  path: Assets/Formen/Kreis_kl.blend
  artifactKey: Guid(def655e0bc72d05449e090680f4302f7) Importer(815301076,1909f56bfc062723c751e8b465ee728b)
Start importing Assets/Formen/Kreis_kl.blend using Guid(def655e0bc72d05449e090680f4302f7) Importer(815301076,1909f56bfc062723c751e8b465ee728b)  -> (artifact id: '85ada6b17d0e61bce6aca3c489b272c3') in 0.038370 seconds 
========================================================================
Received Import Request.
  Time since last request: 0.000028 seconds.
  path: Assets/Formen/Kreismitte.blend
  artifactKey: Guid(109e0c2c4a96e5741961ef4dde959eeb) Importer(815301076,1909f56bfc062723c751e8b465ee728b)
Start importing Assets/Formen/Kreismitte.blend using Guid(109e0c2c4a96e5741961ef4dde959eeb) Importer(815301076,1909f56bfc062723c751e8b465ee728b)  -> (artifact id: 'f02b7873730c8cec250b7bbf5093daea') in 0.037593 seconds 
========================================================================
Received Import Request.
  Time since last request: 0.000042 seconds.
  path: Assets/Formen/Kreis- gr..blend
  artifactKey: Guid(35822671a9d4af24395fd6fdb5abb498) Importer(815301076,1909f56bfc062723c751e8b465ee728b)
Start importing Assets/Formen/Kreis- gr..blend using Guid(35822671a9d4af24395fd6fdb5abb498) Importer(815301076,1909f56bfc062723c751e8b465ee728b)  -> (artifact id: '57a35b91d1b2df225bf13ca6e9bd3799') in 0.038708 seconds 
========================================================================
Received Import Request.
  Time since last request: 0.000046 seconds.
  path: Assets/Formen/Viereckgroß.blend
  artifactKey: Guid(e9fb095db459e2a40bdc045ea87be716) Importer(815301076,1909f56bfc062723c751e8b465ee728b)
Start importing Assets/Formen/Viereckgroß.blend using Guid(e9fb095db459e2a40bdc045ea87be716) Importer(815301076,1909f56bfc062723c751e8b465ee728b)  -> (artifact id: '2473870868ecc2755b079b41caeac5a7') in 0.002903 seconds 
========================================================================
Received Import Request.
  Time since last request: 0.000034 seconds.
  path: Assets/Formen/Form2neu.blend
  artifactKey: Guid(f5d4e378d75b66141a9bc92bcead78f8) Importer(815301076,1909f56bfc062723c751e8b465ee728b)
Start importing Assets/Formen/Form2neu.blend using Guid(f5d4e378d75b66141a9bc92bcead78f8) Importer(815301076,1909f56bfc062723c751e8b465ee728b)  -> (artifact id: '976b23093b1f59115dc7d5e90710f799') in 0.037602 seconds 
========================================================================
Received Import Request.
  Time since last request: 0.000097 seconds.
  path: Assets/Formen/Form..blend
  artifactKey: Guid(a7864702e3bbdc94a9e8363c0377a250) Importer(815301076,1909f56bfc062723c751e8b465ee728b)
Start importing Assets/Formen/Form..blend using Guid(a7864702e3bbdc94a9e8363c0377a250) Importer(815301076,1909f56bfc062723c751e8b465ee728b)  -> (artifact id: '9612807187ab9558a448d6f9e140ba0b') in 0.052860 seconds 
========================================================================
Received Import Request.
  Time since last request: 0.000050 seconds.
  path: Assets/Formen/Dartscheibe-formen.blend
  artifactKey: Guid(9550ea4bffb778741825618c42295049) Importer(815301076,1909f56bfc062723c751e8b465ee728b)
Start importing Assets/Formen/Dartscheibe-formen.blend using Guid(9550ea4bffb778741825618c42295049) Importer(815301076,1909f56bfc062723c751e8b465ee728b)  -> (artifact id: '3496868e739ea4617215ec09c223aa63') in 0.130607 seconds 
========================================================================
Received Import Request.
  Time since last request: 10.243856 seconds.
  path: Assets/XR/Settings/OpenXR Package Settings.asset
  artifactKey: Guid(4bad434f18d959443b41b275abe8b289) Importer(815301076,1909f56bfc062723c751e8b465ee728b)
Start importing Assets/XR/Settings/OpenXR Package Settings.asset using Guid(4bad434f18d959443b41b275abe8b289) Importer(815301076,1909f56bfc062723c751e8b465ee728b)  -> (artifact id: 'c336b50735ea318750b40687501b4c61') in 0.031766 seconds 
========================================================================
Received Import Request.
  Time since last request: 0.000028 seconds.
  path: Assets/XR/XRGeneralSettings.asset
  artifactKey: Guid(4435252f6071f1b46b7e791c0b11e8b5) Importer(815301076,1909f56bfc062723c751e8b465ee728b)
Start importing Assets/XR/XRGeneralSettings.asset using Guid(4435252f6071f1b46b7e791c0b11e8b5) Importer(815301076,1909f56bfc062723c751e8b465ee728b)  -> (artifact id: '9b598914d6714db66e1581ed9c10d3dd') in 0.010675 seconds 
