Using pre-set license
Built from '2021.3/staging' branch; Version is '2021.3.4f1 (cb45f9cae8b7) revision 13321721'; Using compiler version '192829333'; Build Type 'Release'
OS: 'Windows 10  (10.0.19045) 64bit Professional' Language: 'de' Physical Memory: 8109 MB
BatchMode: 1, IsHumanControllingUs: 0, StartBugReporterOnCrash: 0, Is64bit: 1, IsPro: 1

COMMAND LINE ARGUMENTS:
C:\Program Files\Unity\Hub\Editor\2021.3.4f1\Editor\Unity.exe
-adb2
-batchMode
-noUpm
-name
AssetImportWorker4
-projectPath
C:/Users/Sofia/OneDrive/Desktop/Dart/ARD/Project
-logFile
Logs/AssetImportWorker4.log
-srvPort
51645
Successfully changed project path to: C:/Users/Sofia/OneDrive/Desktop/Dart/ARD/Project
C:/Users/Sofia/OneDrive/Desktop/Dart/ARD/Project
[UnityMemory] Configuration Parameters - Can be set up in boot.config
    "memorysetup-bucket-allocator-granularity=16"
    "memorysetup-bucket-allocator-bucket-count=8"
    "memorysetup-bucket-allocator-block-size=33554432"
    "memorysetup-bucket-allocator-block-count=8"
    "memorysetup-main-allocator-block-size=16777216"
    "memorysetup-thread-allocator-block-size=16777216"
    "memorysetup-gfx-main-allocator-block-size=16777216"
    "memorysetup-gfx-thread-allocator-block-size=16777216"
    "memorysetup-cache-allocator-block-size=4194304"
    "memorysetup-typetree-allocator-block-size=2097152"
    "memorysetup-profiler-bucket-allocator-granularity=16"
    "memorysetup-profiler-bucket-allocator-bucket-count=8"
    "memorysetup-profiler-bucket-allocator-block-size=33554432"
    "memorysetup-profiler-bucket-allocator-block-count=8"
    "memorysetup-profiler-allocator-block-size=16777216"
    "memorysetup-profiler-editor-allocator-block-size=1048576"
    "memorysetup-temp-allocator-size-main=16777216"
    "memorysetup-job-temp-allocator-block-size=2097152"
    "memorysetup-job-temp-allocator-block-size-background=1048576"
    "memorysetup-job-temp-allocator-reduction-small-platforms=262144"
    "memorysetup-temp-allocator-size-background-worker=32768"
    "memorysetup-temp-allocator-size-job-worker=262144"
    "memorysetup-temp-allocator-size-preload-manager=33554432"
    "memorysetup-temp-allocator-size-nav-mesh-worker=65536"
    "memorysetup-temp-allocator-size-audio-worker=65536"
    "memorysetup-temp-allocator-size-cloud-worker=32768"
    "memorysetup-temp-allocator-size-gi-baking-worker=262144"
    "memorysetup-temp-allocator-size-gfx=262144"
Refreshing native plugins compatible for Editor in 593.02 ms, found 15 plugins.
Preloading 2 native plugins for Editor in 24.55 ms.
Initialize engine version: 2021.3.4f1 (cb45f9cae8b7)
[Subsystems] Discovering subsystems at path C:/Program Files/Unity/Hub/Editor/2021.3.4f1/Editor/Data/Resources/UnitySubsystems
[Subsystems] Discovering subsystems at path C:/Users/Sofia/OneDrive/Desktop/Dart/ARD/Project/Assets
GfxDevice: creating device client; threaded=0; jobified=0
Direct3D:
    Version:  Direct3D 11.0 [level 11.1]
    Renderer: Intel(R) HD Graphics 620 (ID=0x5916)
    Vendor:   Intel
    VRAM:     4054 MB
    Driver:   27.20.100.8682
Initialize mono
Mono path[0] = 'C:/Program Files/Unity/Hub/Editor/2021.3.4f1/Editor/Data/Managed'
Mono path[1] = 'C:/Program Files/Unity/Hub/Editor/2021.3.4f1/Editor/Data/MonoBleedingEdge/lib/mono/unityjit-win32'
Mono config path = 'C:/Program Files/Unity/Hub/Editor/2021.3.4f1/Editor/Data/MonoBleedingEdge/etc'
Using monoOptions --debugger-agent=transport=dt_socket,embedding=1,server=y,suspend=n,address=127.0.0.1:56136
Begin MonoManager ReloadAssembly
Registering precompiled unity dll's ...
Register platform support module: C:/Program Files/Unity/Hub/Editor/2021.3.4f1/Editor/Data/PlaybackEngines/WindowsStandaloneSupport/UnityEditor.WindowsStandalone.Extensions.dll
Register platform support module: C:/Program Files/Unity/Hub/Editor/2021.3.4f1/Editor/Data/PlaybackEngines/MetroSupport/UnityEditor.UWP.Extensions.dll
Registered in 0.061956 seconds.
Native extension for UWP target not found
Native extension for WindowsStandalone target not found
Refreshing native plugins compatible for Editor in 413.78 ms, found 15 plugins.
Preloading 2 native plugins for Editor in 1.32 ms.
Mono: successfully reloaded assembly
- Completed reload, in  4.361 seconds
Domain Reload Profiling:
	ReloadAssembly (4366ms)
		BeginReloadAssembly (556ms)
			ExecutionOrderSort (0ms)
			DisableScriptedObjects (0ms)
			BackupInstance (0ms)
			ReleaseScriptingObjects (0ms)
			CreateAndSetChildDomain (4ms)
		EndReloadAssembly (3059ms)
			LoadAssemblies (540ms)
			RebuildTransferFunctionScriptingTraits (0ms)
			SetupTypeCache (762ms)
			ReleaseScriptCaches (0ms)
			RebuildScriptCaches (240ms)
			SetupLoadedEditorAssemblies (1680ms)
				LogAssemblyErrors (0ms)
				InitializePlatformSupportModulesInManaged (69ms)
				SetLoadedEditorAssemblies (1ms)
				RefreshPlugins (416ms)
				BeforeProcessingInitializeOnLoad (6ms)
				ProcessInitializeOnLoadAttributes (835ms)
				ProcessInitializeOnLoadMethodAttributes (352ms)
				AfterProcessingInitializeOnLoad (0ms)
				EditorAssembliesLoaded (1ms)
			ExecutionOrderSort2 (0ms)
			AwakeInstancesAfterBackupRestoration (0ms)
Platform modules already initialized, skipping
Registering precompiled user dll's ...
Registered in 0.143812 seconds.
Begin MonoManager ReloadAssembly
Native extension for UWP target not found
Native extension for WindowsStandalone target not found
Refreshing native plugins compatible for Editor in 141.40 ms, found 15 plugins.
Preloading 2 native plugins for Editor in 0.33 ms.
Package Manager log level set to [2]
[XR] [MROpenXR][Info   ][17:33:13.452821][tid:4540] MeshProvider_RegisterLifecycleProvider
[XR] [MROpenXR][Info   ][17:33:13.452821][tid:4540] MeshProvider_RegisterLifecycleProvider
[XR] [MROpenXR][Info   ][17:33:13.453042][tid:4540] InputProvider_RegisterLifecycleProvider
[XR] [MROpenXR][Info   ][17:33:13.453042][tid:4540] InputProvider_RegisterLifecycleProvider
[XR] Error loading subsystem: Display (1) (header mismatch?)
[XR] [MROpenXR][Info   ][17:33:13.578374][tid:4540] OnPluginStarted UnityVersion=2021.3.4f1 OpenXRPluginVersion=1.7.0 MROpenXRPluginVersion=1.8.0.0 PartA_PrivTags=33554432
[XR] [MROpenXR][Info   ][17:33:13.578374][tid:4540] OnPluginStarted UnityVersion=2021.3.4f1 OpenXRPluginVersion=1.7.0 MROpenXRPluginVersion=1.8.0.0 PartA_PrivTags=33554432
Mono: successfully reloaded assembly
- Completed reload, in  4.524 seconds
Domain Reload Profiling:
	ReloadAssembly (4527ms)
		BeginReloadAssembly (334ms)
			ExecutionOrderSort (0ms)
			DisableScriptedObjects (15ms)
			BackupInstance (0ms)
			ReleaseScriptingObjects (0ms)
			CreateAndSetChildDomain (49ms)
		EndReloadAssembly (3870ms)
			LoadAssemblies (318ms)
			RebuildTransferFunctionScriptingTraits (0ms)
			SetupTypeCache (810ms)
			ReleaseScriptCaches (2ms)
			RebuildScriptCaches (375ms)
			SetupLoadedEditorAssemblies (2212ms)
				LogAssemblyErrors (0ms)
				InitializePlatformSupportModulesInManaged (32ms)
				SetLoadedEditorAssemblies (0ms)
				RefreshPlugins (142ms)
				BeforeProcessingInitializeOnLoad (295ms)
				ProcessInitializeOnLoadAttributes (1027ms)
				ProcessInitializeOnLoadMethodAttributes (672ms)
				AfterProcessingInitializeOnLoad (42ms)
				EditorAssembliesLoaded (0ms)
			ExecutionOrderSort2 (0ms)
			AwakeInstancesAfterBackupRestoration (19ms)
Platform modules already initialized, skipping
========================================================================
Worker process is ready to serve import requests
Launched and connected shader compiler UnityShaderCompiler.exe after 0.62 seconds
Refreshing native plugins compatible for Editor in 3.26 ms, found 15 plugins.
Preloading 2 native plugins for Editor in 0.34 ms.
Unloading 4237 Unused Serialized files (Serialized files now loaded: 0)
Unloading 68 unused Assets / (134.8 KB). Loaded Objects now: 5026.
Memory consumption went from 172.2 MB to 172.0 MB.
Total: 11.539500 ms (FindLiveObjects: 1.252800 ms CreateObjectMapping: 1.545500 ms MarkObjects: 8.453700 ms  DeleteObjects: 0.285000 ms)

AssetImportParameters requested are different than current active one (requested -> active):
  custom:video-decoder-ogg-theora: a1e56fd34408186e4bbccfd4996cb3dc -> 
  custom:container-muxer-webm: aa71ff27fc2769a1b78a27578f13a17b -> 
  custom:container-demuxer-webm: 4f35f7cbe854078d1ac9338744f61a02 -> 
  custom:video-encoder-webm-vp8: eb34c28f22e8b96e1ab97ce403110664 -> 
  custom:video-codec-MediaFoundation-h265: 746d11721c4dcdbdad8f713fa42b33f4 -> 
  custom:audio-encoder-webm-vorbis: bf7c407c2cedff20999df2af8eb42d56 -> 
  custom:framework-win-MediaFoundation: 216162199b28c13a410421893ffa2e32 -> 
  custom:container-demuxer-ogg: 62fdf1f143b41e24485cea50d1cbac27 -> 
  custom:video-decoder-webm-vp8: 9c59270c3fd7afecdb556c50c9e8de78 -> 
  custom:audio-decoder-ogg-vorbis: bf7c407c2cedff20999df2af8eb42d56 -> 
========================================================================
Received Prepare
Registering precompiled user dll's ...
Registered in 0.058645 seconds.
Begin MonoManager ReloadAssembly
Native extension for UWP target not found
Native extension for WindowsStandalone target not found
Refreshing native plugins compatible for Editor in 5.26 ms, found 15 plugins.
Preloading 2 native plugins for Editor in 4.68 ms.
Mono: successfully reloaded assembly
- Completed reload, in  6.041 seconds
Domain Reload Profiling:
	ReloadAssembly (6043ms)
		BeginReloadAssembly (307ms)
			ExecutionOrderSort (0ms)
			DisableScriptedObjects (12ms)
			BackupInstance (0ms)
			ReleaseScriptingObjects (0ms)
			CreateAndSetChildDomain (88ms)
		EndReloadAssembly (5413ms)
			LoadAssemblies (251ms)
			RebuildTransferFunctionScriptingTraits (1ms)
			SetupTypeCache (686ms)
			ReleaseScriptCaches (2ms)
			RebuildScriptCaches (217ms)
			SetupLoadedEditorAssemblies (3577ms)
				LogAssemblyErrors (0ms)
				InitializePlatformSupportModulesInManaged (130ms)
				SetLoadedEditorAssemblies (2ms)
				RefreshPlugins (10ms)
				BeforeProcessingInitializeOnLoad (683ms)
				ProcessInitializeOnLoadAttributes (2327ms)
				ProcessInitializeOnLoadMethodAttributes (343ms)
				AfterProcessingInitializeOnLoad (78ms)
				EditorAssembliesLoaded (3ms)
			ExecutionOrderSort2 (0ms)
			AwakeInstancesAfterBackupRestoration (67ms)
Platform modules already initialized, skipping
Refreshing native plugins compatible for Editor in 43.00 ms, found 15 plugins.
Preloading 2 native plugins for Editor in 1.60 ms.
Unloading 4129 Unused Serialized files (Serialized files now loaded: 0)
Unloading 58 unused Assets / (101.2 KB). Loaded Objects now: 5030.
Memory consumption went from 163.0 MB to 162.9 MB.
Total: 15.670200 ms (FindLiveObjects: 0.580500 ms CreateObjectMapping: 0.731400 ms MarkObjects: 12.874200 ms  DeleteObjects: 1.481300 ms)

AssetImportParameters requested are different than current active one (requested -> active):
  custom:video-decoder-ogg-theora: a1e56fd34408186e4bbccfd4996cb3dc -> 
  custom:container-muxer-webm: aa71ff27fc2769a1b78a27578f13a17b -> 
  custom:container-demuxer-webm: 4f35f7cbe854078d1ac9338744f61a02 -> 
  custom:video-encoder-webm-vp8: eb34c28f22e8b96e1ab97ce403110664 -> 
  custom:video-codec-MediaFoundation-h265: 746d11721c4dcdbdad8f713fa42b33f4 -> 
  custom:audio-encoder-webm-vorbis: bf7c407c2cedff20999df2af8eb42d56 -> 
  custom:framework-win-MediaFoundation: 216162199b28c13a410421893ffa2e32 -> 
  custom:container-demuxer-ogg: 62fdf1f143b41e24485cea50d1cbac27 -> 
  custom:video-decoder-webm-vp8: 9c59270c3fd7afecdb556c50c9e8de78 -> 
  custom:audio-decoder-ogg-vorbis: bf7c407c2cedff20999df2af8eb42d56 -> 
========================================================================
Received Prepare
Registering precompiled user dll's ...
Registered in 0.025598 seconds.
Begin MonoManager ReloadAssembly
Native extension for UWP target not found
Native extension for WindowsStandalone target not found
Refreshing native plugins compatible for Editor in 2.87 ms, found 15 plugins.
Preloading 2 native plugins for Editor in 0.68 ms.
Mono: successfully reloaded assembly
- Completed reload, in  3.024 seconds
Domain Reload Profiling:
	ReloadAssembly (3025ms)
		BeginReloadAssembly (382ms)
			ExecutionOrderSort (0ms)
			DisableScriptedObjects (11ms)
			BackupInstance (0ms)
			ReleaseScriptingObjects (0ms)
			CreateAndSetChildDomain (89ms)
		EndReloadAssembly (2384ms)
			LoadAssemblies (344ms)
			RebuildTransferFunctionScriptingTraits (0ms)
			SetupTypeCache (611ms)
			ReleaseScriptCaches (2ms)
			RebuildScriptCaches (109ms)
			SetupLoadedEditorAssemblies (1208ms)
				LogAssemblyErrors (0ms)
				InitializePlatformSupportModulesInManaged (36ms)
				SetLoadedEditorAssemblies (2ms)
				RefreshPlugins (4ms)
				BeforeProcessingInitializeOnLoad (195ms)
				ProcessInitializeOnLoadAttributes (834ms)
				ProcessInitializeOnLoadMethodAttributes (116ms)
				AfterProcessingInitializeOnLoad (22ms)
				EditorAssembliesLoaded (0ms)
			ExecutionOrderSort2 (0ms)
			AwakeInstancesAfterBackupRestoration (18ms)
Platform modules already initialized, skipping
Refreshing native plugins compatible for Editor in 83.09 ms, found 15 plugins.
Preloading 2 native plugins for Editor in 0.38 ms.
Unloading 4129 Unused Serialized files (Serialized files now loaded: 0)
Unloading 58 unused Assets / (101.3 KB). Loaded Objects now: 5034.
Memory consumption went from 163.0 MB to 162.9 MB.
Total: 16.720400 ms (FindLiveObjects: 1.107600 ms CreateObjectMapping: 1.099300 ms MarkObjects: 14.236300 ms  DeleteObjects: 0.274700 ms)

AssetImportParameters requested are different than current active one (requested -> active):
  custom:video-decoder-ogg-theora: a1e56fd34408186e4bbccfd4996cb3dc -> 
  custom:container-muxer-webm: aa71ff27fc2769a1b78a27578f13a17b -> 
  custom:container-demuxer-webm: 4f35f7cbe854078d1ac9338744f61a02 -> 
  custom:video-encoder-webm-vp8: eb34c28f22e8b96e1ab97ce403110664 -> 
  custom:video-codec-MediaFoundation-h265: 746d11721c4dcdbdad8f713fa42b33f4 -> 
  custom:audio-encoder-webm-vorbis: bf7c407c2cedff20999df2af8eb42d56 -> 
  custom:framework-win-MediaFoundation: 216162199b28c13a410421893ffa2e32 -> 
  custom:container-demuxer-ogg: 62fdf1f143b41e24485cea50d1cbac27 -> 
  custom:video-decoder-webm-vp8: 9c59270c3fd7afecdb556c50c9e8de78 -> 
  custom:audio-decoder-ogg-vorbis: bf7c407c2cedff20999df2af8eb42d56 -> 
========================================================================
Received Import Request.
  Time since last request: 530530.948131 seconds.
  path: Assets/Scripts/Abstand.cs
  artifactKey: Guid(3917194bf3a34b24588527dfe767ec34) Importer(815301076,1909f56bfc062723c751e8b465ee728b)
Start importing Assets/Scripts/Abstand.cs using Guid(3917194bf3a34b24588527dfe767ec34) Importer(815301076,1909f56bfc062723c751e8b465ee728b)  -> (artifact id: 'b7169a2bdac426e0d645ec5a73de0f5e') in 0.125629 seconds 
========================================================================
Received Import Request.
  Time since last request: 8.758200 seconds.
  path: Assets/SamplesResources/AugmentationAssets/Models/Astronaut.FBX
  artifactKey: Guid(c6045ffd0db911d418ecf014e1fbd650) Importer(815301076,1909f56bfc062723c751e8b465ee728b)
Start importing Assets/SamplesResources/AugmentationAssets/Models/Astronaut.FBX using Guid(c6045ffd0db911d418ecf014e1fbd650) Importer(815301076,1909f56bfc062723c751e8b465ee728b)  -> (artifact id: 'b2b7afabf38fe2d45d915416464b2e27') in 5.385034 seconds 
========================================================================
Received Import Request.
  Time since last request: 0.000065 seconds.
  path: Assets/Formen/Halbkreis.Pp.blend
  artifactKey: Guid(f85e8c9ac90e399408262d94d7b1d3f1) Importer(815301076,1909f56bfc062723c751e8b465ee728b)
Start importing Assets/Formen/Halbkreis.Pp.blend using Guid(f85e8c9ac90e399408262d94d7b1d3f1) Importer(815301076,1909f56bfc062723c751e8b465ee728b)  -> (artifact id: '849d5fef600a676bdffad008c9ab35d6') in 0.791135 seconds 
========================================================================
Received Import Request.
  Time since last request: 0.000062 seconds.
  path: Assets/Formen/rechteckgr.blend
  artifactKey: Guid(985fa112968396b45a5bad2dc0cb755e) Importer(815301076,1909f56bfc062723c751e8b465ee728b)
Start importing Assets/Formen/rechteckgr.blend using Guid(985fa112968396b45a5bad2dc0cb755e) Importer(815301076,1909f56bfc062723c751e8b465ee728b)  -> (artifact id: 'f137df6de30459c32757098ad2ed9e79') in 0.226329 seconds 
========================================================================
Received Import Request.
  Time since last request: 0.000152 seconds.
  path: Assets/Formen/Form3eck.blend
  artifactKey: Guid(bc13dca199fe4654e99732ddea345f42) Importer(815301076,1909f56bfc062723c751e8b465ee728b)
Start importing Assets/Formen/Form3eck.blend using Guid(bc13dca199fe4654e99732ddea345f42) Importer(815301076,1909f56bfc062723c751e8b465ee728b)  -> (artifact id: 'a54e084f639df2304552533747f29316') in 0.200214 seconds 
========================================================================
Received Import Request.
  Time since last request: 0.000053 seconds.
  path: Assets/OwnPrefabs/Menu.prefab
  artifactKey: Guid(4cbdb46ba06591949a30a87b843d007e) Importer(815301076,1909f56bfc062723c751e8b465ee728b)
Start importing Assets/OwnPrefabs/Menu.prefab using Guid(4cbdb46ba06591949a30a87b843d007e) Importer(815301076,1909f56bfc062723c751e8b465ee728b)  -> (artifact id: 'e49148d30e2f41986b49b13419a6e29e') in 1.792160 seconds 
========================================================================
Received Import Request.
  Time since last request: 39.936098 seconds.
  path: Assets/Formen/RechteckGroß.blend
  artifactKey: Guid(2651c9e2fb229fb429ab9637c4ee0fcf) Importer(815301076,1909f56bfc062723c751e8b465ee728b)
Start importing Assets/Formen/RechteckGroß.blend using Guid(2651c9e2fb229fb429ab9637c4ee0fcf) Importer(815301076,1909f56bfc062723c751e8b465ee728b)  -> (artifact id: 'bc26411ea690a9411785c7f19ee176b2') in 6.522737 seconds 
========================================================================
Received Import Request.
  Time since last request: 0.000452 seconds.
  path: Assets/Formen/Viereckgroß.blend
  artifactKey: Guid(e9fb095db459e2a40bdc045ea87be716) Importer(815301076,1909f56bfc062723c751e8b465ee728b)
Start importing Assets/Formen/Viereckgroß.blend using Guid(e9fb095db459e2a40bdc045ea87be716) Importer(815301076,1909f56bfc062723c751e8b465ee728b)  -> (artifact id: '32a8b1ce2d6967a8721c8dca711e330f') in 3.209090 seconds 
========================================================================
Received Import Request.
  Time since last request: 1028.046141 seconds.
  path: Assets/Formen
  artifactKey: Guid(ce47dc8f48ae8c1458d0abfc3beb54b2) Importer(815301076,1909f56bfc062723c751e8b465ee728b)
Start importing Assets/Formen using Guid(ce47dc8f48ae8c1458d0abfc3beb54b2) Importer(815301076,1909f56bfc062723c751e8b465ee728b)  -> (artifact id: '28a904d07634a85e166d4df337b98426') in 0.070947 seconds 
========================================================================
Received Prepare
Registering precompiled user dll's ...
Registered in 0.037377 seconds.
Begin MonoManager ReloadAssembly
Native extension for UWP target not found
Native extension for WindowsStandalone target not found
Refreshing native plugins compatible for Editor in 2.52 ms, found 15 plugins.
Preloading 2 native plugins for Editor in 0.55 ms.
Mono: successfully reloaded assembly
- Completed reload, in  7.482 seconds
Domain Reload Profiling:
	ReloadAssembly (7489ms)
		BeginReloadAssembly (875ms)
			ExecutionOrderSort (0ms)
			DisableScriptedObjects (61ms)
			BackupInstance (0ms)
			ReleaseScriptingObjects (1ms)
			CreateAndSetChildDomain (333ms)
		EndReloadAssembly (6245ms)
			LoadAssemblies (360ms)
			RebuildTransferFunctionScriptingTraits (0ms)
			SetupTypeCache (875ms)
			ReleaseScriptCaches (3ms)
			RebuildScriptCaches (149ms)
			SetupLoadedEditorAssemblies (4417ms)
				LogAssemblyErrors (0ms)
				InitializePlatformSupportModulesInManaged (51ms)
				SetLoadedEditorAssemblies (2ms)
				RefreshPlugins (3ms)
				BeforeProcessingInitializeOnLoad (566ms)
				ProcessInitializeOnLoadAttributes (3011ms)
				ProcessInitializeOnLoadMethodAttributes (645ms)
				AfterProcessingInitializeOnLoad (135ms)
				EditorAssembliesLoaded (3ms)
			ExecutionOrderSort2 (0ms)
			AwakeInstancesAfterBackupRestoration (81ms)
Platform modules already initialized, skipping
Refreshing native plugins compatible for Editor in 24.11 ms, found 15 plugins.
Preloading 2 native plugins for Editor in 0.22 ms.
Unloading 4129 Unused Serialized files (Serialized files now loaded: 0)
Unloading 58 unused Assets / (101.2 KB). Loaded Objects now: 5082.
Memory consumption went from 167.7 MB to 167.6 MB.
Total: 13.505100 ms (FindLiveObjects: 4.737300 ms CreateObjectMapping: 0.652200 ms MarkObjects: 7.892600 ms  DeleteObjects: 0.217300 ms)

AssetImportParameters requested are different than current active one (requested -> active):
  custom:video-decoder-ogg-theora: a1e56fd34408186e4bbccfd4996cb3dc -> 
  custom:container-muxer-webm: aa71ff27fc2769a1b78a27578f13a17b -> 
  custom:container-demuxer-webm: 4f35f7cbe854078d1ac9338744f61a02 -> 
  custom:video-encoder-webm-vp8: eb34c28f22e8b96e1ab97ce403110664 -> 
  custom:video-codec-MediaFoundation-h265: 746d11721c4dcdbdad8f713fa42b33f4 -> 
  custom:audio-encoder-webm-vorbis: bf7c407c2cedff20999df2af8eb42d56 -> 
  custom:framework-win-MediaFoundation: 216162199b28c13a410421893ffa2e32 -> 
  custom:container-demuxer-ogg: 62fdf1f143b41e24485cea50d1cbac27 -> 
  custom:video-decoder-webm-vp8: 9c59270c3fd7afecdb556c50c9e8de78 -> 
  custom:audio-decoder-ogg-vorbis: bf7c407c2cedff20999df2af8eb42d56 -> 
========================================================================
Received Prepare
Registering precompiled user dll's ...
Registered in 0.051155 seconds.
Begin MonoManager ReloadAssembly
Native extension for UWP target not found
Native extension for WindowsStandalone target not found
Refreshing native plugins compatible for Editor in 4.74 ms, found 15 plugins.
Preloading 2 native plugins for Editor in 0.25 ms.
Mono: successfully reloaded assembly
- Completed reload, in  3.992 seconds
Domain Reload Profiling:
	ReloadAssembly (3994ms)
		BeginReloadAssembly (415ms)
			ExecutionOrderSort (0ms)
			DisableScriptedObjects (17ms)
			BackupInstance (0ms)
			ReleaseScriptingObjects (0ms)
			CreateAndSetChildDomain (110ms)
		EndReloadAssembly (3207ms)
			LoadAssemblies (300ms)
			RebuildTransferFunctionScriptingTraits (0ms)
			SetupTypeCache (1012ms)
			ReleaseScriptCaches (2ms)
			RebuildScriptCaches (146ms)
			SetupLoadedEditorAssemblies (1512ms)
				LogAssemblyErrors (0ms)
				InitializePlatformSupportModulesInManaged (46ms)
				SetLoadedEditorAssemblies (1ms)
				RefreshPlugins (5ms)
				BeforeProcessingInitializeOnLoad (271ms)
				ProcessInitializeOnLoadAttributes (994ms)
				ProcessInitializeOnLoadMethodAttributes (171ms)
				AfterProcessingInitializeOnLoad (22ms)
				EditorAssembliesLoaded (1ms)
			ExecutionOrderSort2 (0ms)
			AwakeInstancesAfterBackupRestoration (30ms)
Platform modules already initialized, skipping
Refreshing native plugins compatible for Editor in 22.21 ms, found 15 plugins.
Preloading 2 native plugins for Editor in 0.22 ms.
Unloading 4129 Unused Serialized files (Serialized files now loaded: 0)
Unloading 58 unused Assets / (101.2 KB). Loaded Objects now: 5086.
Memory consumption went from 167.7 MB to 167.6 MB.
Total: 12.084600 ms (FindLiveObjects: 0.655500 ms CreateObjectMapping: 1.425500 ms MarkObjects: 9.787400 ms  DeleteObjects: 0.213800 ms)

AssetImportParameters requested are different than current active one (requested -> active):
  custom:video-decoder-ogg-theora: a1e56fd34408186e4bbccfd4996cb3dc -> 
  custom:container-muxer-webm: aa71ff27fc2769a1b78a27578f13a17b -> 
  custom:container-demuxer-webm: 4f35f7cbe854078d1ac9338744f61a02 -> 
  custom:video-encoder-webm-vp8: eb34c28f22e8b96e1ab97ce403110664 -> 
  custom:video-codec-MediaFoundation-h265: 746d11721c4dcdbdad8f713fa42b33f4 -> 
  custom:audio-encoder-webm-vorbis: bf7c407c2cedff20999df2af8eb42d56 -> 
  custom:framework-win-MediaFoundation: 216162199b28c13a410421893ffa2e32 -> 
  custom:container-demuxer-ogg: 62fdf1f143b41e24485cea50d1cbac27 -> 
  custom:video-decoder-webm-vp8: 9c59270c3fd7afecdb556c50c9e8de78 -> 
  custom:audio-decoder-ogg-vorbis: bf7c407c2cedff20999df2af8eb42d56 -> 
